#
# A fatal error has been detected by the Java Runtime Environment:
#
#  EXCEPTION_ACCESS_VIOLATION (0xc0000005) at pc=0x00000000574f8f45, pid=19056, tid=140
#
# JRE version: Java(TM) SE Runtime Environment (8.0_91-b14) (build 1.8.0_91-b14)
# Java VM: Java HotSpot(TM) 64-Bit Server VM (25.91-b14 mixed mode windows-amd64 compressed oops)
# Problematic frame:
# V  [jvm.dll+0x128f45]
#
# Failed to write core dump. Minidumps are not enabled by default on client versions of Windows
#
# If you would like to submit a bug report, please visit:
#   http://bugreport.java.com/bugreport/crash.jsp
#

---------------  T H R E A D  ---------------

Current thread (0x000000001dfa2000):  JavaThread "JDWP Transport Listener: dt_socket" daemon [_thread_in_vm, id=140, stack(0x000000001ea80000,0x000000001eb80000)]

siginfo: ExceptionCode=0xc0000005, reading address 0xffffffffffffffff

Registers:
RAX=0x000000001eb7f401, RBX=0x000000001dfa2000, RCX=0x437265746e003b00, RDX=0x0000000000000000
RSP=0x000000001eb7f430, RBP=0x437265746e003b00, RSI=0x000000001eb7f548, RDI=0x0000000002558c80
R8 =0x000000001dfa2000, R9 =0x0000000000008000, R10=0x0000000000000000, R11=0x000000001fc1bc7c
R12=0x0000000000000000, R13=0x000000001dfa2e18, R14=0x0000000000000000, R15=0x0000000000000000
RIP=0x00000000574f8f45, EFLAGS=0x0000000000010206

Top of Stack: (sp=0x000000001eb7f430)
0x000000001eb7f430:   000000001dfa2000 000000001dfa2000
0x000000001eb7f440:   000000001eb7f4f8 00000000576ff32b
0x000000001eb7f450:   000000001dfa2000 000000005771bb8d
0x000000001eb7f460:   0000000000000000 0000000058539155
0x000000001eb7f470:   000000001fed40b0 000000005854291e
0x000000001eb7f480:   000000001dfa2000 0000000000000000
0x000000001eb7f490:   0000000000000000 0000000000000000
0x000000001eb7f4a0:   437265746e003b00 0000000058541a15
0x000000001eb7f4b0:   000000001eb7f548 000000001eb7f520
0x000000001eb7f4c0:   0000000000000001 000000001fed40b0
0x000000001eb7f4d0:   437265746e003b00 00000000585253b3
0x000000001eb7f4e0:   000000001eb7f610 0000000000000001
0x000000001eb7f4f0:   0000000000000001 000000001fed40b0
0x000000001eb7f500:   00000000f000100a 0000000000000000
0x000000001eb7f510:   0000000000000000 0000000000000000
0x000000001eb7f520:   0000000000000001 0000000058525571 

Instructions: (pc=0x00000000574f8f45)
0x00000000574f8f25:   cc cc cc cc cc cc cc cc cc cc cc 48 83 ec 28 48
0x00000000574f8f35:   85 c9 75 07 33 c0 48 83 c4 28 c3 48 89 5c 24 20
0x00000000574f8f45:   48 8b 19 48 85 db 74 20 48 83 fb 37 74 1a 48 8b
0x00000000574f8f55:   13 48 8b cb ff 52 10 84 c0 74 0d 48 8b c3 48 8b 


Register to memory mapping:

RAX=0x000000001eb7f401 is pointing into the stack for thread: 0x000000001dfa2000
RBX=0x000000001dfa2000 is a thread
RCX=0x437265746e003b00 is an unknown value
RDX=0x0000000000000000 is an unknown value
RSP=0x000000001eb7f430 is pointing into the stack for thread: 0x000000001dfa2000
RBP=0x437265746e003b00 is an unknown value
RSI=0x000000001eb7f548 is pointing into the stack for thread: 0x000000001dfa2000
RDI=0x0000000002558c80 is an unknown value
R8 =0x000000001dfa2000 is a thread
R9 =0x0000000000008000 is an unknown value
R10=0x0000000000000000 is an unknown value
R11=0x000000001fc1bc7c is an unknown value
R12=0x0000000000000000 is an unknown value
R13=0x000000001dfa2e18 is an unknown value
R14=0x0000000000000000 is an unknown value
R15=0x0000000000000000 is an unknown value


Stack: [0x000000001ea80000,0x000000001eb80000],  sp=0x000000001eb7f430,  free space=1021k
Native frames: (J=compiled Java code, j=interpreted, Vv=VM code, C=native code)
V  [jvm.dll+0x128f45]
V  [jvm.dll+0x34bb8d]
C  [jdwp.dll+0x21a15]
C  [jdwp.dll+0x53b3]
C  [jdwp.dll+0x5571]
C  [jdwp.dll+0xf0a8]
C  [jdwp.dll+0x1f2d5]
C  [jdwp.dll+0x1f4aa]
V  [jvm.dll+0x1bbf38]
V  [jvm.dll+0x243ae4]
V  [jvm.dll+0x29a99a]
C  [msvcr100.dll+0x21d9f]
C  [msvcr100.dll+0x21e3b]
C  [KERNEL32.DLL+0x13034]
C  [ntdll.dll+0x71431]


---------------  P R O C E S S  ---------------

Java Threads: ( => current thread )
  0x00000000200e0800 JavaThread "task-result-getter-0" daemon [_thread_blocked, id=3420, stack(0x00000000287a0000,0x00000000288a0000)]
  0x00000000200d7800 JavaThread "org.apache.hadoop.fs.FileSystem$Statistics$StatisticsDataReferenceCleaner" daemon [_thread_blocked, id=19008, stack(0x00000000270e0000,0x00000000271e0000)]
  0x00000000200de000 JavaThread "element-tracking-store-worker" daemon [_thread_blocked, id=18572, stack(0x0000000025e10000,0x0000000025f10000)]
  0x00000000200dd800 JavaThread "spark-listener-group-executorManagement" daemon [_thread_blocked, id=6536, stack(0x0000000025b10000,0x0000000025c10000)]
  0x00000000200dc800 JavaThread "spark-listener-group-appStatus" daemon [_thread_blocked, id=21520, stack(0x0000000025a10000,0x0000000025b10000)]
  0x00000000200da800 JavaThread "context-cleaner-periodic-gc" daemon [_thread_blocked, id=15776, stack(0x0000000025910000,0x0000000025a10000)]
  0x00000000200d6800 JavaThread "Spark Context Cleaner" daemon [_thread_blocked, id=8, stack(0x0000000025810000,0x0000000025910000)]
  0x00000000200dc000 JavaThread "shuffle-server-5-1" daemon [_thread_in_native, id=4336, stack(0x0000000024540000,0x0000000024640000)]
  0x00000000200d9800 JavaThread "driver-heartbeater" daemon [_thread_blocked, id=12696, stack(0x0000000024440000,0x0000000024540000)]
  0x00000000200db000 JavaThread "dag-scheduler-event-loop" daemon [_thread_blocked, id=24044, stack(0x0000000024340000,0x0000000024440000)]
  0x00000000200d8000 JavaThread "netty-rpc-env-timeout" daemon [_thread_blocked, id=23080, stack(0x0000000024240000,0x0000000024340000)]
  0x00000000200d9000 JavaThread "Timer-0" daemon [_thread_blocked, id=21324, stack(0x0000000024140000,0x0000000024240000)]
  0x00000000200d6000 JavaThread "heartbeat-receiver-event-loop-thread" daemon [_thread_blocked, id=9516, stack(0x0000000024040000,0x0000000024140000)]
  0x00000000200d5000 JavaThread "SparkUI-36" daemon [_thread_blocked, id=14812, stack(0x0000000023d40000,0x0000000023e40000)]
  0x000000002055f000 JavaThread "SparkUI-35" daemon [_thread_blocked, id=16240, stack(0x0000000023c40000,0x0000000023d40000)]
  0x0000000020561800 JavaThread "SparkUI-34" daemon [_thread_blocked, id=16552, stack(0x0000000023b40000,0x0000000023c40000)]
  0x0000000020566000 JavaThread "SparkUI-33-acceptor-0@536f021e-ServerConnector@5da8e603{HTTP/1.1,[http/1.1]}{0.0.0.0:4040}" daemon [_thread_in_native, id=17296, stack(0x0000000023a40000,0x0000000023b40000)]
  0x0000000020564800 JavaThread "SparkUI-32" daemon [_thread_in_native, id=15112, stack(0x0000000023940000,0x0000000023a40000)]
  0x0000000020563800 JavaThread "SparkUI-31" daemon [_thread_in_native, id=23040, stack(0x0000000023840000,0x0000000023940000)]
  0x0000000020565000 JavaThread "SparkUI-30" daemon [_thread_in_native, id=924, stack(0x0000000023740000,0x0000000023840000)]
  0x0000000020560000 JavaThread "SparkUI-29" daemon [_thread_in_native, id=22520, stack(0x0000000023640000,0x0000000023740000)]
  0x0000000020563000 JavaThread "RemoteBlock-temp-file-clean-thread" daemon [_thread_blocked, id=1228, stack(0x0000000023540000,0x0000000023640000)]
  0x0000000020560800 JavaThread "map-output-dispatcher-7" daemon [_thread_blocked, id=10944, stack(0x0000000023240000,0x0000000023340000)]
  0x0000000020562000 JavaThread "map-output-dispatcher-6" daemon [_thread_blocked, id=16728, stack(0x0000000023140000,0x0000000023240000)]
  0x00000000218dc000 JavaThread "map-output-dispatcher-5" daemon [_thread_blocked, id=15564, stack(0x0000000023040000,0x0000000023140000)]
  0x000000001fbf3000 JavaThread "map-output-dispatcher-4" daemon [_thread_blocked, id=12132, stack(0x0000000022f40000,0x0000000023040000)]
  0x000000001fbf2800 JavaThread "map-output-dispatcher-3" daemon [_thread_blocked, id=24288, stack(0x0000000022e40000,0x0000000022f40000)]
  0x0000000020580000 JavaThread "map-output-dispatcher-2" daemon [_thread_blocked, id=2988, stack(0x0000000022d40000,0x0000000022e40000)]
  0x000000002057f000 JavaThread "map-output-dispatcher-1" daemon [_thread_blocked, id=13024, stack(0x0000000022c40000,0x0000000022d40000)]
  0x000000002057e800 JavaThread "map-output-dispatcher-0" daemon [_thread_blocked, id=24520, stack(0x0000000022760000,0x0000000022860000)]
  0x000000002045d000 JavaThread "rpc-server-3-1" daemon [_thread_in_native, id=5592, stack(0x0000000022660000,0x0000000022760000)]
  0x000000002035f000 JavaThread "dispatcher-event-loop-1" daemon [_thread_blocked, id=4648, stack(0x0000000021390000,0x0000000021490000)]
  0x000000002035e800 JavaThread "dispatcher-event-loop-0" daemon [_thread_blocked, id=15676, stack(0x0000000021290000,0x0000000021390000)]
  0x000000001dfb6800 JavaThread "Service Thread" daemon [_thread_blocked, id=4652, stack(0x000000001f180000,0x000000001f280000)]
  0x000000001e015000 JavaThread "C1 CompilerThread3" daemon [_thread_blocked, id=11816, stack(0x000000001f080000,0x000000001f180000)]
  0x000000001dfd0800 JavaThread "C2 CompilerThread2" daemon [_thread_blocked, id=22048, stack(0x000000001ef80000,0x000000001f080000)]
  0x000000001dfc6800 JavaThread "C2 CompilerThread1" daemon [_thread_blocked, id=2864, stack(0x000000001ee80000,0x000000001ef80000)]
  0x000000001dfc0000 JavaThread "C2 CompilerThread0" daemon [_thread_blocked, id=10864, stack(0x000000001ed80000,0x000000001ee80000)]
  0x000000001dfa5800 JavaThread "JDWP Command Reader" daemon [_thread_in_native, id=5068, stack(0x000000001ec80000,0x000000001ed80000)]
  0x000000001dfa4800 JavaThread "JDWP Event Helper Thread" daemon [_thread_blocked, id=21616, stack(0x000000001eb80000,0x000000001ec80000)]
=>0x000000001dfa2000 JavaThread "JDWP Transport Listener: dt_socket" daemon [_thread_in_vm, id=140, stack(0x000000001ea80000,0x000000001eb80000)]
  0x000000001df86000 JavaThread "Attach Listener" daemon [_thread_blocked, id=18416, stack(0x000000001e640000,0x000000001e740000)]
  0x000000001df84000 JavaThread "Signal Dispatcher" daemon [_thread_blocked, id=20576, stack(0x000000001e540000,0x000000001e640000)]
  0x000000001c098000 JavaThread "Finalizer" daemon [_thread_blocked, id=14860, stack(0x000000001e350000,0x000000001e450000)]
  0x000000001c091000 JavaThread "Reference Handler" daemon [_thread_blocked, id=24008, stack(0x000000001de50000,0x000000001df50000)]
  0x000000000255b000 JavaThread "main" [_thread_blocked, id=17900, stack(0x0000000002450000,0x0000000002550000)]

Other Threads:
  0x000000001c088800 VMThread [stack: 0x000000001dd50000,0x000000001de50000] [id=4208]
  0x000000001e132000 WatcherThread [stack: 0x000000001f280000,0x000000001f380000] [id=8584]

VM state:not at safepoint (normal execution)

VM Mutex/Monitor currently owned by a thread: None

Heap:
 PSYoungGen      total 70144K, used 35422K [0x000000076b300000, 0x0000000770200000, 0x00000007c0000000)
  eden space 62464K, 56% used [0x000000076b300000,0x000000076d5979a8,0x000000076f000000)
  from space 7680K, 0% used [0x000000076fa80000,0x000000076fa80000,0x0000000770200000)
  to   space 9216K, 0% used [0x000000076f000000,0x000000076f000000,0x000000076f900000)
 ParOldGen       total 73728K, used 9449K [0x00000006c1800000, 0x00000006c6000000, 0x000000076b300000)
  object space 73728K, 12% used [0x00000006c1800000,0x00000006c213a518,0x00000006c6000000)
 Metaspace       used 37302K, capacity 37682K, committed 37888K, reserved 1081344K
  class space    used 5380K, capacity 5526K, committed 5632K, reserved 1048576K

Card table byte_map: [0x0000000011a10000,0x0000000012210000] byte_map_base: 0x000000000e404000

Marking Bits: (ParMarkBitMap*) 0x0000000057be2f70
 Begin Bits: [0x0000000012f60000, 0x0000000016f00000)
 End Bits:   [0x0000000016f00000, 0x000000001aea0000)

Polling page: 0x0000000000830000

CodeCache: size=245760Kb used=6771Kb max_used=7562Kb free=238988Kb
 bounds [0x0000000002650000, 0x0000000002de0000, 0x0000000011650000]
 total_blobs=2751 nmethods=2218 adapters=453
 compilation: enabled

Compilation events (10 events):
Event: 142.643 Thread 0x000000001e015000 2554       1       org.spark_project.guava.collect.RegularImmutableMap$NonTerminalEntry::next (5 bytes)
Event: 142.644 Thread 0x000000001e015000 nmethod 2554 0x0000000002adc250 code [0x0000000002adc3a0, 0x0000000002adc4b0]
Event: 142.644 Thread 0x000000001e015000 2555       3       scala.collection.mutable.HashTable$class::findEntry (19 bytes)
Event: 142.644 Thread 0x000000001e015000 nmethod 2555 0x0000000002acc950 code [0x0000000002accae0, 0x0000000002accde8]
Event: 142.644 Thread 0x000000001e015000 2556       3       scala.collection.mutable.ListBuffer::$plus$plus$eq (36 bytes)
Event: 142.645 Thread 0x000000001e015000 nmethod 2556 0x0000000002d05350 code [0x0000000002d05500, 0x0000000002d05d38]
Event: 152.644 Thread 0x000000001e015000 2557       3       scala.collection.mutable.WrappedArray::foreach (6 bytes)
Event: 152.644 Thread 0x000000001e015000 nmethod 2557 0x0000000002c04c90 code [0x0000000002c04e00, 0x0000000002c04fa8]
Event: 152.644 Thread 0x000000001e015000 2558       3       scala.collection.mutable.ListBuffer::$plus$plus$eq (6 bytes)
Event: 152.645 Thread 0x000000001e015000 nmethod 2558 0x00000000028d4b10 code [0x00000000028d4c80, 0x00000000028d4ea8]

GC Heap History (10 events):
Event: 10.526 GC heap before
{Heap before GC invocations=4 (full 1):
 PSYoungGen      total 76288K, used 6103K [0x000000076b300000, 0x0000000770800000, 0x00000007c0000000)
  eden space 65536K, 0% used [0x000000076b300000,0x000000076b300000,0x000000076f300000)
  from space 10752K, 56% used [0x000000076f300000,0x000000076f8f5dc8,0x000000076fd80000)
  to   space 10752K, 0% used [0x000000076fd80000,0x000000076fd80000,0x0000000770800000)
 ParOldGen       total 175104K, used 96K [0x00000006c1800000, 0x00000006cc300000, 0x000000076b300000)
  object space 175104K, 0% used [0x00000006c1800000,0x00000006c1818028,0x00000006cc300000)
 Metaspace       used 20935K, capacity 21066K, committed 21248K, reserved 1067008K
  class space    used 2951K, capacity 3035K, committed 3072K, reserved 1048576K
Event: 10.550 GC heap after
Heap after GC invocations=4 (full 1):
 PSYoungGen      total 76288K, used 0K [0x000000076b300000, 0x0000000770800000, 0x00000007c0000000)
  eden space 65536K, 0% used [0x000000076b300000,0x000000076b300000,0x000000076f300000)
  from space 10752K, 0% used [0x000000076f300000,0x000000076f300000,0x000000076fd80000)
  to   space 10752K, 0% used [0x000000076fd80000,0x000000076fd80000,0x0000000770800000)
 ParOldGen       total 71680K, used 5906K [0x00000006c1800000, 0x00000006c5e00000, 0x000000076b300000)
  object space 71680K, 8% used [0x00000006c1800000,0x00000006c1dc4ad8,0x00000006c5e00000)
 Metaspace       used 20935K, capacity 21066K, committed 21248K, reserved 1067008K
  class space    used 2951K, capacity 3035K, committed 3072K, reserved 1048576K
}
Event: 11.245 GC heap before
{Heap before GC invocations=5 (full 1):
 PSYoungGen      total 76288K, used 65536K [0x000000076b300000, 0x0000000770800000, 0x00000007c0000000)
  eden space 65536K, 100% used [0x000000076b300000,0x000000076f300000,0x000000076f300000)
  from space 10752K, 0% used [0x000000076f300000,0x000000076f300000,0x000000076fd80000)
  to   space 10752K, 0% used [0x000000076fd80000,0x000000076fd80000,0x0000000770800000)
 ParOldGen       total 71680K, used 5906K [0x00000006c1800000, 0x00000006c5e00000, 0x000000076b300000)
  object space 71680K, 8% used [0x00000006c1800000,0x00000006c1dc4ad8,0x00000006c5e00000)
 Metaspace       used 27894K, capacity 28156K, committed 28416K, reserved 1073152K
  class space    used 3894K, capacity 3984K, committed 4096K, reserved 1048576K
Event: 11.250 GC heap after
Heap after GC invocations=5 (full 1):
 PSYoungGen      total 76288K, used 8064K [0x000000076b300000, 0x0000000770800000, 0x00000007c0000000)
  eden space 65536K, 0% used [0x000000076b300000,0x000000076b300000,0x000000076f300000)
  from space 10752K, 75% used [0x000000076fd80000,0x00000007705602d0,0x0000000770800000)
  to   space 10752K, 0% used [0x000000076f300000,0x000000076f300000,0x000000076fd80000)
 ParOldGen       total 71680K, used 5914K [0x00000006c1800000, 0x00000006c5e00000, 0x000000076b300000)
  object space 71680K, 8% used [0x00000006c1800000,0x00000006c1dc6ad8,0x00000006c5e00000)
 Metaspace       used 27894K, capacity 28156K, committed 28416K, reserved 1073152K
  class space    used 3894K, capacity 3984K, committed 4096K, reserved 1048576K
}
Event: 23.109 GC heap before
{Heap before GC invocations=6 (full 1):
 PSYoungGen      total 76288K, used 73600K [0x000000076b300000, 0x0000000770800000, 0x00000007c0000000)
  eden space 65536K, 100% used [0x000000076b300000,0x000000076f300000,0x000000076f300000)
  from space 10752K, 75% used [0x000000076fd80000,0x00000007705602d0,0x0000000770800000)
  to   space 10752K, 0% used [0x000000076f300000,0x000000076f300000,0x000000076fd80000)
 ParOldGen       total 71680K, used 5914K [0x00000006c1800000, 0x00000006c5e00000, 0x000000076b300000)
  object space 71680K, 8% used [0x00000006c1800000,0x00000006c1dc6ad8,0x00000006c5e00000)
 Metaspace       used 32626K, capacity 32862K, committed 33280K, reserved 1077248K
  class space    used 4642K, capacity 4760K, committed 4864K, reserved 1048576K
Event: 23.114 GC heap after
Heap after GC invocations=6 (full 1):
 PSYoungGen      total 70656K, used 6647K [0x000000076b300000, 0x0000000770380000, 0x00000007c0000000)
  eden space 64000K, 0% used [0x000000076b300000,0x000000076b300000,0x000000076f180000)
  from space 6656K, 99% used [0x000000076f300000,0x000000076f97dca8,0x000000076f980000)
  to   space 9216K, 0% used [0x000000076fa80000,0x000000076fa80000,0x0000000770380000)
 ParOldGen       total 71680K, used 5922K [0x00000006c1800000, 0x00000006c5e00000, 0x000000076b300000)
  object space 71680K, 8% used [0x00000006c1800000,0x00000006c1dc8ad8,0x00000006c5e00000)
 Metaspace       used 32626K, capacity 32862K, committed 33280K, reserved 1077248K
  class space    used 4642K, capacity 4760K, committed 4864K, reserved 1048576K
}
Event: 23.442 GC heap before
{Heap before GC invocations=7 (full 1):
 PSYoungGen      total 70656K, used 37290K [0x000000076b300000, 0x0000000770380000, 0x00000007c0000000)
  eden space 64000K, 47% used [0x000000076b300000,0x000000076d0ecc20,0x000000076f180000)
  from space 6656K, 99% used [0x000000076f300000,0x000000076f97dca8,0x000000076f980000)
  to   space 9216K, 0% used [0x000000076fa80000,0x000000076fa80000,0x0000000770380000)
 ParOldGen       total 71680K, used 5922K [0x00000006c1800000, 0x00000006c5e00000, 0x000000076b300000)
  object space 71680K, 8% used [0x00000006c1800000,0x00000006c1dc8ad8,0x00000006c5e00000)
 Metaspace       used 34966K, capacity 35224K, committed 35416K, reserved 1079296K
  class space    used 5008K, capacity 5111K, committed 5120K, reserved 1048576K
Event: 23.447 GC heap after
Heap after GC invocations=7 (full 1):
 PSYoungGen      total 70144K, used 5423K [0x000000076b300000, 0x0000000770200000, 0x00000007c0000000)
  eden space 62464K, 0% used [0x000000076b300000,0x000000076b300000,0x000000076f000000)
  from space 7680K, 70% used [0x000000076fa80000,0x000000076ffcbcd8,0x0000000770200000)
  to   space 9216K, 0% used [0x000000076f000000,0x000000076f000000,0x000000076f900000)
 ParOldGen       total 71680K, used 5930K [0x00000006c1800000, 0x00000006c5e00000, 0x000000076b300000)
  object space 71680K, 8% used [0x00000006c1800000,0x00000006c1dcaad8,0x00000006c5e00000)
 Metaspace       used 34966K, capacity 35224K, committed 35416K, reserved 1079296K
  class space    used 5008K, capacity 5111K, committed 5120K, reserved 1048576K
}
Event: 23.447 GC heap before
{Heap before GC invocations=8 (full 2):
 PSYoungGen      total 70144K, used 5423K [0x000000076b300000, 0x0000000770200000, 0x00000007c0000000)
  eden space 62464K, 0% used [0x000000076b300000,0x000000076b300000,0x000000076f000000)
  from space 7680K, 70% used [0x000000076fa80000,0x000000076ffcbcd8,0x0000000770200000)
  to   space 9216K, 0% used [0x000000076f000000,0x000000076f000000,0x000000076f900000)
 ParOldGen       total 71680K, used 5930K [0x00000006c1800000, 0x00000006c5e00000, 0x000000076b300000)
  object space 71680K, 8% used [0x00000006c1800000,0x00000006c1dcaad8,0x00000006c5e00000)
 Metaspace       used 34966K, capacity 35224K, committed 35416K, reserved 1079296K
  class space    used 5008K, capacity 5111K, committed 5120K, reserved 1048576K
Event: 23.486 GC heap after
Heap after GC invocations=8 (full 2):
 PSYoungGen      total 70144K, used 0K [0x000000076b300000, 0x0000000770200000, 0x00000007c0000000)
  eden space 62464K, 0% used [0x000000076b300000,0x000000076b300000,0x000000076f000000)
  from space 7680K, 0% used [0x000000076fa80000,0x000000076fa80000,0x0000000770200000)
  to   space 9216K, 0% used [0x000000076f000000,0x000000076f000000,0x000000076f900000)
 ParOldGen       total 73728K, used 9449K [0x00000006c1800000, 0x00000006c6000000, 0x000000076b300000)
  object space 73728K, 12% used [0x00000006c1800000,0x00000006c213a518,0x00000006c6000000)
 Metaspace       used 34959K, capacity 35212K, committed 35416K, reserved 1079296K
  class space    used 5007K, capacity 5109K, committed 5120K, reserved 1048576K
}

Deoptimization events (10 events):
Event: 23.776 Thread 0x000000000255b000 Uncommon trap: reason=unhandled action=none pc=0x0000000002ba9a60 method=java.net.URLClassLoader.findClass(Ljava/lang/String;)Ljava/lang/Class; @ 44
Event: 23.777 Thread 0x000000000255b000 Uncommon trap: reason=unhandled action=none pc=0x0000000002ba9a60 method=java.net.URLClassLoader.findClass(Ljava/lang/String;)Ljava/lang/Class; @ 44
Event: 23.778 Thread 0x000000000255b000 Uncommon trap: reason=unhandled action=none pc=0x0000000002ba9a60 method=java.net.URLClassLoader.findClass(Ljava/lang/String;)Ljava/lang/Class; @ 44
Event: 23.779 Thread 0x000000000255b000 Uncommon trap: reason=unhandled action=none pc=0x0000000002ba9a60 method=java.net.URLClassLoader.findClass(Ljava/lang/String;)Ljava/lang/Class; @ 44
Event: 23.780 Thread 0x000000000255b000 Uncommon trap: reason=unhandled action=none pc=0x0000000002ba9a60 method=java.net.URLClassLoader.findClass(Ljava/lang/String;)Ljava/lang/Class; @ 44
Event: 23.782 Thread 0x000000000255b000 Uncommon trap: reason=unhandled action=none pc=0x0000000002ba9a60 method=java.net.URLClassLoader.findClass(Ljava/lang/String;)Ljava/lang/Class; @ 44
Event: 23.783 Thread 0x000000000255b000 Uncommon trap: reason=unhandled action=none pc=0x0000000002ba9a60 method=java.net.URLClassLoader.findClass(Ljava/lang/String;)Ljava/lang/Class; @ 44
Event: 23.784 Thread 0x000000000255b000 Uncommon trap: reason=unhandled action=none pc=0x0000000002ba9a60 method=java.net.URLClassLoader.findClass(Ljava/lang/String;)Ljava/lang/Class; @ 44
Event: 23.788 Thread 0x000000000255b000 Uncommon trap: reason=unhandled action=none pc=0x0000000002ba9a60 method=java.net.URLClassLoader.findClass(Ljava/lang/String;)Ljava/lang/Class; @ 44
Event: 23.791 Thread 0x000000000255b000 Uncommon trap: reason=unhandled action=none pc=0x0000000002ba9a60 method=java.net.URLClassLoader.findClass(Ljava/lang/String;)Ljava/lang/Class; @ 44

Internal exceptions (10 events):
Event: 23.541 Thread 0x00000000200db000 Exception <a 'java/lang/NoSuchMethodError': <clinit>> (0x000000076bd69730) thrown at [C:\re\workspace\8-2-build-windows-amd64-cygwin\jdk8u91\6644\hotspot\src\share\vm\prims\jni.cpp, line 1613]
Event: 23.542 Thread 0x00000000200db000 Exception <a 'java/lang/NoSuchMethodError': <clinit>> (0x000000076bd729c8) thrown at [C:\re\workspace\8-2-build-windows-amd64-cygwin\jdk8u91\6644\hotspot\src\share\vm\prims\jni.cpp, line 1613]
Event: 23.544 Thread 0x00000000200db000 Exception <a 'java/lang/NoSuchMethodError': <clinit>> (0x000000076bd81d70) thrown at [C:\re\workspace\8-2-build-windows-amd64-cygwin\jdk8u91\6644\hotspot\src\share\vm\prims\jni.cpp, line 1613]
Event: 23.545 Thread 0x00000000200db000 Exception <a 'java/lang/NoSuchMethodError': <clinit>> (0x000000076bd93228) thrown at [C:\re\workspace\8-2-build-windows-amd64-cygwin\jdk8u91\6644\hotspot\src\share\vm\prims\jni.cpp, line 1613]
Event: 23.600 Thread 0x000000002035e800 Exception <a 'java/lang/NoSuchMethodError': <clinit>> (0x000000076c24b6c0) thrown at [C:\re\workspace\8-2-build-windows-amd64-cygwin\jdk8u91\6644\hotspot\src\share\vm\prims\jni.cpp, line 1613]
Event: 23.600 Thread 0x000000002035e800 Exception <a 'java/lang/NoSuchMethodError': <clinit>> (0x000000076c252cb0) thrown at [C:\re\workspace\8-2-build-windows-amd64-cygwin\jdk8u91\6644\hotspot\src\share\vm\prims\jni.cpp, line 1613]
Event: 23.603 Thread 0x000000002035e800 Exception <a 'java/lang/NoSuchMethodError': <clinit>> (0x000000076c277aa0) thrown at [C:\re\workspace\8-2-build-windows-amd64-cygwin\jdk8u91\6644\hotspot\src\share\vm\prims\jni.cpp, line 1613]
Event: 23.604 Thread 0x000000002035e800 Exception <a 'java/lang/NoSuchMethodError': <clinit>> (0x000000076c27fee8) thrown at [C:\re\workspace\8-2-build-windows-amd64-cygwin\jdk8u91\6644\hotspot\src\share\vm\prims\jni.cpp, line 1613]
Event: 23.709 Thread 0x00000000200df800 Exception <a 'java/lang/NoSuchMethodError': <clinit>> (0x000000076ce2ded0) thrown at [C:\re\workspace\8-2-build-windows-amd64-cygwin\jdk8u91\6644\hotspot\src\share\vm\prims\jni.cpp, line 1613]
Event: 23.713 Thread 0x00000000200df800 Exception <a 'java/lang/NoSuchMethodError': <clinit>> (0x000000076ce6bff8) thrown at [C:\re\workspace\8-2-build-windows-amd64-cygwin\jdk8u91\6644\hotspot\src\share\vm\prims\jni.cpp, line 1613]

Events (10 events):
Event: 136.119 Thread 0x000000001e015000 flushing nmethod 0x0000000002d05350
Event: 136.119 Thread 0x000000001e015000 flushing nmethod 0x0000000002d0b210
Event: 136.119 Thread 0x000000001e015000 flushing nmethod 0x0000000002d0f490
Event: 136.119 Thread 0x000000001e015000 flushing nmethod 0x0000000002d1da50
Event: 136.119 Thread 0x000000001e015000 flushing nmethod 0x0000000002d26010
Event: 136.119 Thread 0x000000001e015000 flushing nmethod 0x0000000002d2a750
Event: 137.118 Thread 0x000000001e015000 flushing nmethod 0x0000000002d57ad0
Event: 137.118 Thread 0x000000001e015000 flushing nmethod 0x0000000002d6e690
Event: 160.019 Executing VM operation: RedefineClasses
Event: 160.032 Executing VM operation: RedefineClasses done


Dynamic libraries:
0x00007ff6c7dd0000 - 0x00007ff6c7e07000 	C:\Program Files\Java\jdk1.8.0_91\bin\javaw.exe
0x00007ffe8b140000 - 0x00007ffe8b321000 	C:\WINDOWS\SYSTEM32\ntdll.dll
0x00007ffe4dc00000 - 0x00007ffe4dc34000 	C:\Program Files (x86)\AVG\Antivirus\x64\aswhooka.dll
0x00007ffe8b050000 - 0x00007ffe8b102000 	C:\WINDOWS\System32\KERNEL32.DLL
0x00007ffe882d0000 - 0x00007ffe88543000 	C:\WINDOWS\System32\KERNELBASE.dll
0x00007ffe88950000 - 0x00007ffe889f1000 	C:\WINDOWS\System32\ADVAPI32.dll
0x00007ffe8aca0000 - 0x00007ffe8ad3e000 	C:\WINDOWS\System32\msvcrt.dll
0x00007ffe8af90000 - 0x00007ffe8afeb000 	C:\WINDOWS\System32\sechost.dll
0x00007ffe8ae60000 - 0x00007ffe8af84000 	C:\WINDOWS\System32\RPCRT4.dll
0x00007ffe89120000 - 0x00007ffe892b0000 	C:\WINDOWS\System32\USER32.dll
0x00007ffe882b0000 - 0x00007ffe882d0000 	C:\WINDOWS\System32\win32u.dll
0x00007ffe892e0000 - 0x00007ffe89308000 	C:\WINDOWS\System32\GDI32.dll
0x00007ffe880c0000 - 0x00007ffe88252000 	C:\WINDOWS\System32\gdi32full.dll
0x00007ffe87c20000 - 0x00007ffe87cbf000 	C:\WINDOWS\System32\msvcp_win.dll
0x00007ffe87f10000 - 0x00007ffe8800a000 	C:\WINDOWS\System32\ucrtbase.dll
0x00007ffe7a530000 - 0x00007ffe7a799000 	C:\WINDOWS\WinSxS\amd64_microsoft.windows.common-controls_6595b64144ccf1df_6.0.17134.165_none_fb429645306569ac\COMCTL32.dll
0x00007ffe8a970000 - 0x00007ffe8ac93000 	C:\WINDOWS\System32\combase.dll
0x00007ffe88550000 - 0x00007ffe885ca000 	C:\WINDOWS\System32\bcryptPrimitives.dll
0x00007ffe892b0000 - 0x00007ffe892dd000 	C:\WINDOWS\System32\IMM32.DLL
0x0000000057f30000 - 0x0000000058002000 	C:\Program Files\Java\jdk1.8.0_91\jre\bin\msvcr100.dll
0x00000000573d0000 - 0x0000000057c63000 	C:\Program Files\Java\jdk1.8.0_91\jre\bin\server\jvm.dll
0x00007ffe88f40000 - 0x00007ffe88f48000 	C:\WINDOWS\System32\PSAPI.DLL
0x00007ffe6f980000 - 0x00007ffe6f989000 	C:\WINDOWS\SYSTEM32\WSOCK32.dll
0x00007ffe890b0000 - 0x00007ffe8911c000 	C:\WINDOWS\System32\WS2_32.dll
0x00007ffe828b0000 - 0x00007ffe828d3000 	C:\WINDOWS\SYSTEM32\WINMM.dll
0x00007ffe7e450000 - 0x00007ffe7e45a000 	C:\WINDOWS\SYSTEM32\VERSION.dll
0x00007ffe82840000 - 0x00007ffe8286a000 	C:\WINDOWS\SYSTEM32\WINMMBASE.dll
0x00007ffe88260000 - 0x00007ffe882a9000 	C:\WINDOWS\System32\cfgmgr32.dll
0x0000000058350000 - 0x000000005835f000 	C:\Program Files\Java\jdk1.8.0_91\jre\bin\verify.dll
0x0000000058320000 - 0x0000000058349000 	C:\Program Files\Java\jdk1.8.0_91\jre\bin\java.dll
0x0000000058520000 - 0x0000000058555000 	C:\Program Files\Java\jdk1.8.0_91\jre\bin\jdwp.dll
0x0000000058510000 - 0x0000000058518000 	C:\Program Files\Java\jdk1.8.0_91\jre\bin\npt.dll
0x0000000058300000 - 0x0000000058316000 	C:\Program Files\Java\jdk1.8.0_91\jre\bin\zip.dll
0x00007ffe89530000 - 0x00007ffe8a970000 	C:\WINDOWS\System32\SHELL32.dll
0x00007ffe8adb0000 - 0x00007ffe8ae59000 	C:\WINDOWS\System32\shcore.dll
0x00007ffe87510000 - 0x00007ffe87c1d000 	C:\WINDOWS\System32\windows.storage.dll
0x00007ffe88f70000 - 0x00007ffe88fc1000 	C:\WINDOWS\System32\shlwapi.dll
0x00007ffe874f0000 - 0x00007ffe87501000 	C:\WINDOWS\System32\kernel.appcore.dll
0x00007ffe874d0000 - 0x00007ffe874ef000 	C:\WINDOWS\System32\profapi.dll
0x00007ffe87460000 - 0x00007ffe874ac000 	C:\WINDOWS\System32\powrprof.dll
0x00007ffe87450000 - 0x00007ffe8745a000 	C:\WINDOWS\System32\FLTLIB.DLL
0x0000000058500000 - 0x0000000058509000 	C:\Program Files\Java\jdk1.8.0_91\jre\bin\dt_socket.dll
0x00007ffe82f70000 - 0x00007ffe82f86000 	C:\WINDOWS\system32\napinsp.dll
0x00007ffe82f50000 - 0x00007ffe82f6a000 	C:\WINDOWS\system32\pnrpnsp.dll
0x00007ffe84190000 - 0x00007ffe841a9000 	C:\WINDOWS\system32\NLAapi.dll
0x00007ffe86cd0000 - 0x00007ffe86d36000 	C:\WINDOWS\System32\mswsock.dll
0x00007ffe86a90000 - 0x00007ffe86b4e000 	C:\WINDOWS\SYSTEM32\DNSAPI.dll
0x00007ffe8ad40000 - 0x00007ffe8ad48000 	C:\WINDOWS\System32\NSI.dll
0x00007ffe86a50000 - 0x00007ffe86a88000 	C:\WINDOWS\SYSTEM32\IPHLPAPI.DLL
0x00007ffe82f40000 - 0x00007ffe82f4e000 	C:\WINDOWS\System32\winrnr.dll
0x00007ffe81750000 - 0x00007ffe81765000 	C:\WINDOWS\System32\wshbth.dll
0x00007ffe7e190000 - 0x00007ffe7e202000 	C:\WINDOWS\System32\fwpuclnt.dll
0x00007ffe86fb0000 - 0x00007ffe86fd5000 	C:\WINDOWS\SYSTEM32\bcrypt.dll
0x00007ffe7e460000 - 0x00007ffe7e46a000 	C:\Windows\System32\rasadhlp.dll
0x00000000582e0000 - 0x00000000582fa000 	C:\Program Files\Java\jdk1.8.0_91\jre\bin\net.dll
0x0000000058010000 - 0x000000005801d000 	C:\Program Files\Java\jdk1.8.0_91\jre\bin\management.dll
0x00000000584f0000 - 0x00000000584f9000 	C:\Program Files\Java\jdk1.8.0_91\jre\bin\w2k_lsa_auth.dll
0x00007ffe78a60000 - 0x00007ffe78a6c000 	C:\WINDOWS\SYSTEM32\Secur32.dll
0x00007ffe87350000 - 0x00007ffe87380000 	C:\WINDOWS\SYSTEM32\SSPICLI.DLL
0x00000000584e0000 - 0x00000000584e9000 	C:\Program Files\Java\jdk1.8.0_91\jre\bin\jaas_nt.dll
0x00000000582c0000 - 0x00000000582d1000 	C:\Program Files\Java\jdk1.8.0_91\jre\bin\nio.dll
0x00007ffe86e90000 - 0x00007ffe86ea7000 	C:\WINDOWS\SYSTEM32\CRYPTSP.dll
0x00007ffe868b0000 - 0x00007ffe868e3000 	C:\WINDOWS\system32\rsaenh.dll
0x00007ffe87380000 - 0x00007ffe873a8000 	C:\WINDOWS\SYSTEM32\USERENV.dll
0x00007ffe86e80000 - 0x00007ffe86e8b000 	C:\WINDOWS\SYSTEM32\CRYPTBASE.dll
0x00007ffe800e0000 - 0x00007ffe800f6000 	C:\WINDOWS\SYSTEM32\dhcpcsvc6.DLL
0x00007ffe800c0000 - 0x00007ffe800da000 	C:\WINDOWS\SYSTEM32\dhcpcsvc.DLL
0x0000000066f40000 - 0x0000000066f6d000 	C:\Users\r.hudson\AppData\Local\Temp\liblz4-java5208346166416425666.so
0x00007ffe70b50000 - 0x00007ffe70d19000 	C:\WINDOWS\SYSTEM32\dbghelp.dll

VM Arguments:
jvm_args: -agentlib:jdwp=transport=dt_socket,suspend=y,address=localhost:63422 -Dfile.encoding=UTF-8 
java_command: climaCluster.KMeansClimate C:\Users\r.hudson\Documents\WORK\softEng\Diss\Design\cycle1\flatClimateData.csv
java_class_path (initial): C:\Program Files\Java\jdk1.8.0_91\jre\lib\resources.jar;C:\Program Files\Java\jdk1.8.0_91\jre\lib\rt.jar;C:\Program Files\Java\jdk1.8.0_91\jre\lib\jsse.jar;C:\Program Files\Java\jdk1.8.0_91\jre\lib\jce.jar;C:\Program Files\Java\jdk1.8.0_91\jre\lib\charsets.jar;C:\Program Files\Java\jdk1.8.0_91\jre\lib\jfr.jar;C:\Program Files\Java\jdk1.8.0_91\jre\lib\ext\access-bridge-64.jar;C:\Program Files\Java\jdk1.8.0_91\jre\lib\ext\cldrdata.jar;C:\Program Files\Java\jdk1.8.0_91\jre\lib\ext\dnsns.jar;C:\Program Files\Java\jdk1.8.0_91\jre\lib\ext\el-api.jar;C:\Program Files\Java\jdk1.8.0_91\jre\lib\ext\jaccess.jar;C:\Program Files\Java\jdk1.8.0_91\jre\lib\ext\jfxrt.jar;C:\Program Files\Java\jdk1.8.0_91\jre\lib\ext\jsp-api.jar;C:\Program Files\Java\jdk1.8.0_91\jre\lib\ext\localedata.jar;C:\Program Files\Java\jdk1.8.0_91\jre\lib\ext\mysql-connector-java-5.1.40-bin.jar;C:\Program Files\Java\jdk1.8.0_91\jre\lib\ext\nashorn.jar;C:\Program Files\Java\jdk1.8.0_91\jre\lib\ext\servlet-api.jar;C:\Program Files\Java\jdk1.8.0_91\jre\lib\ext\sunec.jar;C:\Program Files\Java\jdk1.8.0_91\jre\lib\ext\sunjce_provider.jar;C:\Program Files\Java\jdk1.8.0_91\jre\lib\ext\sunmscapi.jar;C:\Program Files\Java\jdk1.8.0_91\jre\lib\ext\sunpkcs11.jar;C:\Program Files\Java\jdk1.8.0_91\jre\lib\ext\tomcat-dbcp.jar;C:\Program Files\Java\jdk1.8.0_91\jre\lib\ext\zipfs.jar;C:\Users\r.hudson\Documents\WORK\softEng\Diss\Design\cycle1\climaCluster\target\classes;C:\Users\r.hudson\.m2\repository\org\apache\spark\spark-sql_2.11\2.3.1\spark-sql_2.11-2.3.1.jar;C:\Users\r.hudson\.m2\repository\com\univocity\univocity-parsers\2.5.9\univocity-parsers-2.5.9.jar;C:\Users\r.hudson\.m2\repository\org\apache\spark\spark-sketch_2.11\2.3.1\spark-sketch_2.11-2.3.1.jar;C:\Users\r.hudson\.m2\repository\org\apache\spark\spark-catalyst_2.11\2.3.1\spark-catalyst_2.11-2.3.1.jar;C:\Users\r.hudson\.m2\repository\org\scala-lang\scala-reflect\2.11.8\scala-reflect-2.11.8.jar;C:\Users\r.hudson\.m2\repository\org\code
Launcher Type: SUN_STANDARD

Environment Variables:
USERNAME=r.hudson
OS=Windows_NT
PROCESSOR_IDENTIFIER=Intel64 Family 6 Model 60 Stepping 3, GenuineIntel



---------------  S Y S T E M  ---------------

OS: Windows 10.0 , 64 bit Build 17134 (10.0.17134.1)

CPU:total 8 (4 cores per cpu, 2 threads per core) family 6 model 60 stepping 3, cmov, cx8, fxsr, mmx, sse, sse2, sse3, ssse3, sse4.1, sse4.2, popcnt, avx, avx2, aes, clmul, erms, lzcnt, ht, tsc, tscinvbit, bmi1, bmi2

Memory: 4k page, physical 16677948k(6790068k free), swap 35552316k(4566760k free)

vm_info: Java HotSpot(TM) 64-Bit Server VM (25.91-b14) for windows-amd64 JRE (1.8.0_91-b14), built on Apr  1 2016 00:58:32 by "java_re" with MS VC++ 10.0 (VS2010)

time: Tue Jul 17 17:21:16 2018
elapsed time: 161 seconds (0d 0h 2m 41s)

