#
# A fatal error has been detected by the Java Runtime Environment:
#
#  EXCEPTION_ACCESS_VIOLATION (0xc0000005) at pc=0x00000000574f8f45, pid=21548, tid=21384
#
# JRE version: Java(TM) SE Runtime Environment (8.0_91-b14) (build 1.8.0_91-b14)
# Java VM: Java HotSpot(TM) 64-Bit Server VM (25.91-b14 mixed mode windows-amd64 compressed oops)
# Problematic frame:
# V  [jvm.dll+0x128f45]
#
# Failed to write core dump. Minidumps are not enabled by default on client versions of Windows
#
# If you would like to submit a bug report, please visit:
#   http://bugreport.java.com/bugreport/crash.jsp
#

---------------  T H R E A D  ---------------

Current thread (0x000000001e5b6800):  JavaThread "JDWP Transport Listener: dt_socket" daemon [_thread_in_vm, id=21384, stack(0x000000001f0a0000,0x000000001f1a0000)]

siginfo: ExceptionCode=0xc0000005, reading address 0xffffffffffffffff

Registers:
RAX=0x000000001f19f201, RBX=0x000000001e5b6800, RCX=0x3b7265747061003b, RDX=0x0000000000000000
RSP=0x000000001f19f1b0, RBP=0x3b7265747061003b, RSI=0x000000001f19f2c8, RDI=0x0000000002b48c80
R8 =0x000000001e5b6800, R9 =0x0000000000008000, R10=0x0000000000000000, R11=0x00000000227be107
R12=0x0000000000000000, R13=0x000000001e5b7288, R14=0x0000000000000000, R15=0x0000000000000000
RIP=0x00000000574f8f45, EFLAGS=0x0000000000010202

Top of Stack: (sp=0x000000001f19f1b0)
0x000000001f19f1b0:   000000001e5b6800 000000001e5b6800
0x000000001f19f1c0:   000000001f19f278 00000000576ff32b
0x000000001f19f1d0:   000000001e5b6800 000000005771bb8d
0x000000001f19f1e0:   0000000000000000 0000000058539155
0x000000001f19f1f0:   000000001e76e7c0 000000005854291e
0x000000001f19f200:   000000001e5b6800 0000000000000000
0x000000001f19f210:   0000000000000000 0000000000000000
0x000000001f19f220:   3b7265747061003b 0000000058541a15
0x000000001f19f230:   000000001f19f2c8 000000001f19f2a0
0x000000001f19f240:   0000000000000001 000000001e76e7c0
0x000000001f19f250:   3b7265747061003b 00000000585253b3
0x000000001f19f260:   000000001f19f390 0000000000000001
0x000000001f19f270:   0000000000000001 000000001e76e7c0
0x000000001f19f280:   00000000f000100a 0000000000000000
0x000000001f19f290:   0000000000000000 0000000000000000
0x000000001f19f2a0:   0000000000000001 0000000058525571 

Instructions: (pc=0x00000000574f8f45)
0x00000000574f8f25:   cc cc cc cc cc cc cc cc cc cc cc 48 83 ec 28 48
0x00000000574f8f35:   85 c9 75 07 33 c0 48 83 c4 28 c3 48 89 5c 24 20
0x00000000574f8f45:   48 8b 19 48 85 db 74 20 48 83 fb 37 74 1a 48 8b
0x00000000574f8f55:   13 48 8b cb ff 52 10 84 c0 74 0d 48 8b c3 48 8b 


Register to memory mapping:

RAX=0x000000001f19f201 is pointing into the stack for thread: 0x000000001e5b6800
RBX=0x000000001e5b6800 is a thread
RCX=0x3b7265747061003b is an unknown value
RDX=0x0000000000000000 is an unknown value
RSP=0x000000001f19f1b0 is pointing into the stack for thread: 0x000000001e5b6800
RBP=0x3b7265747061003b is an unknown value
RSI=0x000000001f19f2c8 is pointing into the stack for thread: 0x000000001e5b6800
RDI=0x0000000002b48c80 is an unknown value
R8 =0x000000001e5b6800 is a thread
R9 =0x0000000000008000 is an unknown value
R10=0x0000000000000000 is an unknown value
R11=0x00000000227be107 is an unknown value
R12=0x0000000000000000 is an unknown value
R13=0x000000001e5b7288 is an unknown value
R14=0x0000000000000000 is an unknown value
R15=0x0000000000000000 is an unknown value


Stack: [0x000000001f0a0000,0x000000001f1a0000],  sp=0x000000001f19f1b0,  free space=1020k
Native frames: (J=compiled Java code, j=interpreted, Vv=VM code, C=native code)
V  [jvm.dll+0x128f45]
V  [jvm.dll+0x34bb8d]
C  [jdwp.dll+0x21a15]
C  [jdwp.dll+0x53b3]
C  [jdwp.dll+0x5571]
C  [jdwp.dll+0xf0a8]
C  [jdwp.dll+0x1f2d5]
C  [jdwp.dll+0x1f4aa]
V  [jvm.dll+0x1bbf38]
V  [jvm.dll+0x243ae4]
V  [jvm.dll+0x29a99a]
C  [msvcr100.dll+0x21d9f]
C  [msvcr100.dll+0x21e3b]
C  [KERNEL32.DLL+0x13034]
C  [ntdll.dll+0x71431]


---------------  P R O C E S S  ---------------

Java Threads: ( => current thread )
  0x0000000021bc5000 JavaThread "task-result-getter-0" daemon [_thread_blocked, id=19948, stack(0x0000000029f80000,0x000000002a080000)]
  0x0000000021bcb800 JavaThread "org.apache.hadoop.fs.FileSystem$Statistics$StatisticsDataReferenceCleaner" daemon [_thread_blocked, id=3280, stack(0x0000000027810000,0x0000000027910000)]
  0x0000000021bca800 JavaThread "element-tracking-store-worker" daemon [_thread_blocked, id=9728, stack(0x0000000026440000,0x0000000026540000)]
  0x0000000021bbd800 JavaThread "spark-listener-group-executorManagement" daemon [_thread_blocked, id=24552, stack(0x0000000026140000,0x0000000026240000)]
  0x0000000021bbd000 JavaThread "spark-listener-group-appStatus" daemon [_thread_blocked, id=440, stack(0x0000000026040000,0x0000000026140000)]
  0x0000000021bc3800 JavaThread "context-cleaner-periodic-gc" daemon [_thread_blocked, id=14776, stack(0x0000000025f40000,0x0000000026040000)]
  0x0000000021bbc000 JavaThread "Spark Context Cleaner" daemon [_thread_blocked, id=18580, stack(0x0000000025e40000,0x0000000025f40000)]
  0x0000000021bc3000 JavaThread "shuffle-server-5-1" daemon [_thread_in_native, id=10588, stack(0x0000000024b70000,0x0000000024c70000)]
  0x0000000021bbf000 JavaThread "driver-heartbeater" daemon [_thread_blocked, id=18756, stack(0x0000000024a70000,0x0000000024b70000)]
  0x0000000021bc1800 JavaThread "dag-scheduler-event-loop" daemon [_thread_blocked, id=4248, stack(0x0000000024970000,0x0000000024a70000)]
  0x0000000021bc0000 JavaThread "netty-rpc-env-timeout" daemon [_thread_blocked, id=24544, stack(0x0000000024870000,0x0000000024970000)]
  0x0000000021bc2000 JavaThread "Timer-0" daemon [_thread_blocked, id=4708, stack(0x0000000024770000,0x0000000024870000)]
  0x0000000021bc0800 JavaThread "heartbeat-receiver-event-loop-thread" daemon [_thread_blocked, id=18640, stack(0x0000000024670000,0x0000000024770000)]
  0x0000000021bbe800 JavaThread "SparkUI-36" daemon [_thread_blocked, id=22580, stack(0x0000000024370000,0x0000000024470000)]
  0x00000000200aa800 JavaThread "SparkUI-35" daemon [_thread_blocked, id=15376, stack(0x0000000024270000,0x0000000024370000)]
  0x00000000200a9800 JavaThread "SparkUI-34" daemon [_thread_blocked, id=15940, stack(0x0000000024170000,0x0000000024270000)]
  0x00000000200af800 JavaThread "SparkUI-33-acceptor-0@72114b27-ServerConnector@7cd6ab15{HTTP/1.1,[http/1.1]}{0.0.0.0:4040}" daemon [_thread_in_native, id=17204, stack(0x0000000024070000,0x0000000024170000)]
  0x00000000200ac000 JavaThread "SparkUI-32" daemon [_thread_in_native, id=24448, stack(0x0000000023f70000,0x0000000024070000)]
  0x00000000200ac800 JavaThread "SparkUI-31" daemon [_thread_in_native, id=6112, stack(0x0000000023e70000,0x0000000023f70000)]
  0x00000000200ae000 JavaThread "SparkUI-30" daemon [_thread_in_native, id=11240, stack(0x0000000023d70000,0x0000000023e70000)]
  0x00000000200ad800 JavaThread "SparkUI-29" daemon [_thread_in_native, id=24172, stack(0x0000000023c70000,0x0000000023d70000)]
  0x00000000200af000 JavaThread "RemoteBlock-temp-file-clean-thread" daemon [_thread_blocked, id=10568, stack(0x0000000023b70000,0x0000000023c70000)]
  0x00000000200b0800 JavaThread "map-output-dispatcher-7" daemon [_thread_blocked, id=18628, stack(0x0000000023870000,0x0000000023970000)]
  0x00000000200ab000 JavaThread "map-output-dispatcher-6" daemon [_thread_blocked, id=3212, stack(0x0000000023770000,0x0000000023870000)]
  0x00000000200a9000 JavaThread "map-output-dispatcher-5" daemon [_thread_blocked, id=16880, stack(0x0000000023670000,0x0000000023770000)]
  0x0000000020479000 JavaThread "map-output-dispatcher-4" daemon [_thread_blocked, id=1340, stack(0x0000000023570000,0x0000000023670000)]
  0x0000000020476000 JavaThread "map-output-dispatcher-3" daemon [_thread_blocked, id=14020, stack(0x0000000023470000,0x0000000023570000)]
  0x000000001ff1b000 JavaThread "map-output-dispatcher-2" daemon [_thread_blocked, id=11220, stack(0x0000000023370000,0x0000000023470000)]
  0x000000001ff1a800 JavaThread "map-output-dispatcher-1" daemon [_thread_blocked, id=6252, stack(0x0000000023270000,0x0000000023370000)]
  0x00000000200c7000 JavaThread "map-output-dispatcher-0" daemon [_thread_blocked, id=19496, stack(0x0000000022d80000,0x0000000022e80000)]
  0x0000000021fc6000 JavaThread "rpc-server-3-1" daemon [_thread_in_native, id=21776, stack(0x0000000022c80000,0x0000000022d80000)]
  0x000000002026d800 JavaThread "dispatcher-event-loop-1" daemon [_thread_blocked, id=22348, stack(0x00000000219b0000,0x0000000021ab0000)]
  0x0000000020275000 JavaThread "dispatcher-event-loop-0" daemon [_thread_blocked, id=10492, stack(0x00000000218b0000,0x00000000219b0000)]
  0x000000001e665000 JavaThread "Service Thread" daemon [_thread_blocked, id=21480, stack(0x000000001f7a0000,0x000000001f8a0000)]
  0x000000001e5e7800 JavaThread "C1 CompilerThread3" daemon [_thread_blocked, id=600, stack(0x000000001f6a0000,0x000000001f7a0000)]
  0x000000001e5e7000 JavaThread "C2 CompilerThread2" daemon [_thread_blocked, id=18892, stack(0x000000001f5a0000,0x000000001f6a0000)]
  0x000000001e5e6000 JavaThread "C2 CompilerThread1" daemon [_thread_blocked, id=1336, stack(0x000000001f4a0000,0x000000001f5a0000)]
  0x000000001e5d2000 JavaThread "C2 CompilerThread0" daemon [_thread_blocked, id=15720, stack(0x000000001f3a0000,0x000000001f4a0000)]
  0x000000001e5c3800 JavaThread "JDWP Command Reader" daemon [_thread_in_native, id=24368, stack(0x000000001f2a0000,0x000000001f3a0000)]
  0x000000001e5c2800 JavaThread "JDWP Event Helper Thread" daemon [_thread_blocked, id=16680, stack(0x000000001f1a0000,0x000000001f2a0000)]
=>0x000000001e5b6800 JavaThread "JDWP Transport Listener: dt_socket" daemon [_thread_in_vm, id=21384, stack(0x000000001f0a0000,0x000000001f1a0000)]
  0x000000001e5a6800 JavaThread "Attach Listener" daemon [_thread_blocked, id=14524, stack(0x000000001ec60000,0x000000001ed60000)]
  0x000000001e5a4800 JavaThread "Signal Dispatcher" daemon [_thread_blocked, id=23252, stack(0x000000001eb60000,0x000000001ec60000)]
  0x000000001c689000 JavaThread "Finalizer" daemon [_thread_blocked, id=13952, stack(0x000000001e970000,0x000000001ea70000)]
  0x000000001c682000 JavaThread "Reference Handler" daemon [_thread_blocked, id=3940, stack(0x000000001e470000,0x000000001e570000)]
  0x0000000002b4b000 JavaThread "main" [_thread_blocked, id=10092, stack(0x0000000002a40000,0x0000000002b40000)]

Other Threads:
  0x000000001c679800 VMThread [stack: 0x000000001e370000,0x000000001e470000] [id=6612]
  0x000000001e6f4800 WatcherThread [stack: 0x000000001f8a0000,0x000000001f9a0000] [id=11956]

VM state:not at safepoint (normal execution)

VM Mutex/Monitor currently owned by a thread: None

Heap:
 PSYoungGen      total 70144K, used 33672K [0x000000076b300000, 0x0000000770200000, 0x00000007c0000000)
  eden space 62464K, 53% used [0x000000076b300000,0x000000076d3e2058,0x000000076f000000)
  from space 7680K, 0% used [0x000000076fa80000,0x000000076fa80000,0x0000000770200000)
  to   space 9216K, 0% used [0x000000076f000000,0x000000076f000000,0x000000076f900000)
 ParOldGen       total 74240K, used 9742K [0x00000006c1800000, 0x00000006c6080000, 0x000000076b300000)
  object space 74240K, 13% used [0x00000006c1800000,0x00000006c2183830,0x00000006c6080000)
 Metaspace       used 36918K, capacity 37206K, committed 37464K, reserved 1081344K
  class space    used 5355K, capacity 5454K, committed 5464K, reserved 1048576K

Card table byte_map: [0x0000000012000000,0x0000000012800000] byte_map_base: 0x000000000e9f4000

Marking Bits: (ParMarkBitMap*) 0x0000000057be2f70
 Begin Bits: [0x0000000013550000, 0x00000000174f0000)
 End Bits:   [0x00000000174f0000, 0x000000001b490000)

Polling page: 0x0000000000e30000

CodeCache: size=245760Kb used=6468Kb max_used=6468Kb free=239291Kb
 bounds [0x0000000002c40000, 0x00000000032a0000, 0x0000000011c40000]
 total_blobs=2576 nmethods=2043 adapters=453
 compilation: enabled

Compilation events (10 events):
Event: 580.397 Thread 0x000000001e5e7800 2314       3       scala.collection.mutable.ArrayBuffer::<init> (42 bytes)
Event: 580.399 Thread 0x000000001e5e7800 nmethod 2314 0x0000000003296350 code [0x00000000032965a0, 0x00000000032972b8]
Event: 580.399 Thread 0x000000001e5e7800 2316       3       java.util.concurrent.ScheduledThreadPoolExecutor::canRunInCurrentRunState (20 bytes)
Event: 580.400 Thread 0x000000001e5e7800 nmethod 2316 0x0000000003297990 code [0x0000000003297b00, 0x0000000003297f50]
Event: 580.400 Thread 0x000000001e5e7800 2317       1       org.apache.spark.scheduler.AsyncEventQueue::org$apache$spark$scheduler$AsyncEventQueue$$processingTime (5 bytes)
Event: 580.400 Thread 0x000000001e5e7800 nmethod 2317 0x0000000003298090 code [0x00000000032981e0, 0x00000000032982f0]
Event: 580.400 Thread 0x000000001e5e7800 2315       1       org.apache.spark.rpc.RpcAddress::port (5 bytes)
Event: 580.400 Thread 0x000000001e5e7800 nmethod 2315 0x0000000003298350 code [0x00000000032984a0, 0x00000000032985b0]
Event: 590.398 Thread 0x000000001e5e7800 2318       1       org.apache.spark.rpc.RpcAddress::host (5 bytes)
Event: 590.398 Thread 0x000000001e5e7800 nmethod 2318 0x0000000003298610 code [0x0000000003298760, 0x0000000003298870]

GC Heap History (10 events):
Event: 9.437 GC heap before
{Heap before GC invocations=4 (full 1):
 PSYoungGen      total 76288K, used 6103K [0x000000076b300000, 0x0000000770800000, 0x00000007c0000000)
  eden space 65536K, 0% used [0x000000076b300000,0x000000076b300000,0x000000076f300000)
  from space 10752K, 56% used [0x000000076f300000,0x000000076f8f5e48,0x000000076fd80000)
  to   space 10752K, 0% used [0x000000076fd80000,0x000000076fd80000,0x0000000770800000)
 ParOldGen       total 175104K, used 96K [0x00000006c1800000, 0x00000006cc300000, 0x000000076b300000)
  object space 175104K, 0% used [0x00000006c1800000,0x00000006c1818028,0x00000006cc300000)
 Metaspace       used 20932K, capacity 21058K, committed 21248K, reserved 1067008K
  class space    used 2951K, capacity 3035K, committed 3072K, reserved 1048576K
Event: 9.457 GC heap after
Heap after GC invocations=4 (full 1):
 PSYoungGen      total 76288K, used 0K [0x000000076b300000, 0x0000000770800000, 0x00000007c0000000)
  eden space 65536K, 0% used [0x000000076b300000,0x000000076b300000,0x000000076f300000)
  from space 10752K, 0% used [0x000000076f300000,0x000000076f300000,0x000000076fd80000)
  to   space 10752K, 0% used [0x000000076fd80000,0x000000076fd80000,0x0000000770800000)
 ParOldGen       total 71680K, used 5950K [0x00000006c1800000, 0x00000006c5e00000, 0x000000076b300000)
  object space 71680K, 8% used [0x00000006c1800000,0x00000006c1dcf8a8,0x00000006c5e00000)
 Metaspace       used 20932K, capacity 21058K, committed 21248K, reserved 1067008K
  class space    used 2951K, capacity 3035K, committed 3072K, reserved 1048576K
}
Event: 10.214 GC heap before
{Heap before GC invocations=5 (full 1):
 PSYoungGen      total 76288K, used 65536K [0x000000076b300000, 0x0000000770800000, 0x00000007c0000000)
  eden space 65536K, 100% used [0x000000076b300000,0x000000076f300000,0x000000076f300000)
  from space 10752K, 0% used [0x000000076f300000,0x000000076f300000,0x000000076fd80000)
  to   space 10752K, 0% used [0x000000076fd80000,0x000000076fd80000,0x0000000770800000)
 ParOldGen       total 71680K, used 5950K [0x00000006c1800000, 0x00000006c5e00000, 0x000000076b300000)
  object space 71680K, 8% used [0x00000006c1800000,0x00000006c1dcf8a8,0x00000006c5e00000)
 Metaspace       used 27904K, capacity 28148K, committed 28416K, reserved 1073152K
  class space    used 3903K, capacity 3984K, committed 4096K, reserved 1048576K
Event: 10.218 GC heap after
Heap after GC invocations=5 (full 1):
 PSYoungGen      total 76288K, used 8041K [0x000000076b300000, 0x0000000770800000, 0x00000007c0000000)
  eden space 65536K, 0% used [0x000000076b300000,0x000000076b300000,0x000000076f300000)
  from space 10752K, 74% used [0x000000076fd80000,0x000000077055a670,0x0000000770800000)
  to   space 10752K, 0% used [0x000000076f300000,0x000000076f300000,0x000000076fd80000)
 ParOldGen       total 71680K, used 5958K [0x00000006c1800000, 0x00000006c5e00000, 0x000000076b300000)
  object space 71680K, 8% used [0x00000006c1800000,0x00000006c1dd18a8,0x00000006c5e00000)
 Metaspace       used 27904K, capacity 28148K, committed 28416K, reserved 1073152K
  class space    used 3903K, capacity 3984K, committed 4096K, reserved 1048576K
}
Event: 129.688 GC heap before
{Heap before GC invocations=6 (full 1):
 PSYoungGen      total 76288K, used 73577K [0x000000076b300000, 0x0000000770800000, 0x00000007c0000000)
  eden space 65536K, 100% used [0x000000076b300000,0x000000076f300000,0x000000076f300000)
  from space 10752K, 74% used [0x000000076fd80000,0x000000077055a670,0x0000000770800000)
  to   space 10752K, 0% used [0x000000076f300000,0x000000076f300000,0x000000076fd80000)
 ParOldGen       total 71680K, used 5958K [0x00000006c1800000, 0x00000006c5e00000, 0x000000076b300000)
  object space 71680K, 8% used [0x00000006c1800000,0x00000006c1dd18a8,0x00000006c5e00000)
 Metaspace       used 32440K, capacity 32694K, committed 33152K, reserved 1077248K
  class space    used 4629K, capacity 4728K, committed 4736K, reserved 1048576K
Event: 129.693 GC heap after
Heap after GC invocations=6 (full 1):
 PSYoungGen      total 71168K, used 6722K [0x000000076b300000, 0x0000000770380000, 0x00000007c0000000)
  eden space 64000K, 0% used [0x000000076b300000,0x000000076b300000,0x000000076f180000)
  from space 7168K, 93% used [0x000000076f300000,0x000000076f990a88,0x000000076fa00000)
  to   space 9216K, 0% used [0x000000076fa80000,0x000000076fa80000,0x0000000770380000)
 ParOldGen       total 71680K, used 5966K [0x00000006c1800000, 0x00000006c5e00000, 0x000000076b300000)
  object space 71680K, 8% used [0x00000006c1800000,0x00000006c1dd38a8,0x00000006c5e00000)
 Metaspace       used 32440K, capacity 32694K, committed 33152K, reserved 1077248K
  class space    used 4629K, capacity 4728K, committed 4736K, reserved 1048576K
}
Event: 299.907 GC heap before
{Heap before GC invocations=7 (full 1):
 PSYoungGen      total 71168K, used 40026K [0x000000076b300000, 0x0000000770380000, 0x00000007c0000000)
  eden space 64000K, 52% used [0x000000076b300000,0x000000076d385eb0,0x000000076f180000)
  from space 7168K, 93% used [0x000000076f300000,0x000000076f990a88,0x000000076fa00000)
  to   space 9216K, 0% used [0x000000076fa80000,0x000000076fa80000,0x0000000770380000)
 ParOldGen       total 71680K, used 5966K [0x00000006c1800000, 0x00000006c5e00000, 0x000000076b300000)
  object space 71680K, 8% used [0x00000006c1800000,0x00000006c1dd38a8,0x00000006c5e00000)
 Metaspace       used 34924K, capacity 35184K, committed 35416K, reserved 1079296K
  class space    used 5035K, capacity 5143K, committed 5208K, reserved 1048576K
Event: 299.911 GC heap after
Heap after GC invocations=7 (full 1):
 PSYoungGen      total 70144K, used 5656K [0x000000076b300000, 0x0000000770200000, 0x00000007c0000000)
  eden space 62464K, 0% used [0x000000076b300000,0x000000076b300000,0x000000076f000000)
  from space 7680K, 73% used [0x000000076fa80000,0x0000000770006260,0x0000000770200000)
  to   space 9216K, 0% used [0x000000076f000000,0x000000076f000000,0x000000076f900000)
 ParOldGen       total 71680K, used 5974K [0x00000006c1800000, 0x00000006c5e00000, 0x000000076b300000)
  object space 71680K, 8% used [0x00000006c1800000,0x00000006c1dd58a8,0x00000006c5e00000)
 Metaspace       used 34924K, capacity 35184K, committed 35416K, reserved 1079296K
  class space    used 5035K, capacity 5143K, committed 5208K, reserved 1048576K
}
Event: 299.911 GC heap before
{Heap before GC invocations=8 (full 2):
 PSYoungGen      total 70144K, used 5656K [0x000000076b300000, 0x0000000770200000, 0x00000007c0000000)
  eden space 62464K, 0% used [0x000000076b300000,0x000000076b300000,0x000000076f000000)
  from space 7680K, 73% used [0x000000076fa80000,0x0000000770006260,0x0000000770200000)
  to   space 9216K, 0% used [0x000000076f000000,0x000000076f000000,0x000000076f900000)
 ParOldGen       total 71680K, used 5974K [0x00000006c1800000, 0x00000006c5e00000, 0x000000076b300000)
  object space 71680K, 8% used [0x00000006c1800000,0x00000006c1dd58a8,0x00000006c5e00000)
 Metaspace       used 34924K, capacity 35184K, committed 35416K, reserved 1079296K
  class space    used 5035K, capacity 5143K, committed 5208K, reserved 1048576K
Event: 299.940 GC heap after
Heap after GC invocations=8 (full 2):
 PSYoungGen      total 70144K, used 0K [0x000000076b300000, 0x0000000770200000, 0x00000007c0000000)
  eden space 62464K, 0% used [0x000000076b300000,0x000000076b300000,0x000000076f000000)
  from space 7680K, 0% used [0x000000076fa80000,0x000000076fa80000,0x0000000770200000)
  to   space 9216K, 0% used [0x000000076f000000,0x000000076f000000,0x000000076f900000)
 ParOldGen       total 74240K, used 9742K [0x00000006c1800000, 0x00000006c6080000, 0x000000076b300000)
  object space 74240K, 13% used [0x00000006c1800000,0x00000006c2183830,0x00000006c6080000)
 Metaspace       used 34916K, capacity 35172K, committed 35416K, reserved 1079296K
  class space    used 5033K, capacity 5141K, committed 5208K, reserved 1048576K
}

Deoptimization events (10 events):
Event: 300.195 Thread 0x0000000021bbd000 Uncommon trap: reason=unhandled action=none pc=0x00000000031b42a0 method=java.net.URLClassLoader.findClass(Ljava/lang/String;)Ljava/lang/Class; @ 44
Event: 300.195 Thread 0x0000000021bc1800 Uncommon trap: reason=unhandled action=none pc=0x00000000031b42a0 method=java.net.URLClassLoader.findClass(Ljava/lang/String;)Ljava/lang/Class; @ 44
Event: 300.195 Thread 0x0000000021bbd000 Uncommon trap: reason=unhandled action=none pc=0x00000000031b42a0 method=java.net.URLClassLoader.findClass(Ljava/lang/String;)Ljava/lang/Class; @ 44
Event: 300.196 Thread 0x0000000021bc1800 Uncommon trap: reason=unhandled action=none pc=0x00000000031b42a0 method=java.net.URLClassLoader.findClass(Ljava/lang/String;)Ljava/lang/Class; @ 44
Event: 300.196 Thread 0x0000000021bbd000 Uncommon trap: reason=unhandled action=none pc=0x00000000031b42a0 method=java.net.URLClassLoader.findClass(Ljava/lang/String;)Ljava/lang/Class; @ 44
Event: 300.196 Thread 0x0000000021bbd000 Uncommon trap: reason=unhandled action=none pc=0x00000000031b42a0 method=java.net.URLClassLoader.findClass(Ljava/lang/String;)Ljava/lang/Class; @ 44
Event: 300.197 Thread 0x0000000021bbd000 Uncommon trap: reason=unhandled action=none pc=0x00000000031b42a0 method=java.net.URLClassLoader.findClass(Ljava/lang/String;)Ljava/lang/Class; @ 44
Event: 300.197 Thread 0x0000000021bbd000 Uncommon trap: reason=unhandled action=none pc=0x00000000031b42a0 method=java.net.URLClassLoader.findClass(Ljava/lang/String;)Ljava/lang/Class; @ 44
Event: 300.198 Thread 0x0000000021bbd000 Uncommon trap: reason=unhandled action=none pc=0x00000000031b42a0 method=java.net.URLClassLoader.findClass(Ljava/lang/String;)Ljava/lang/Class; @ 44
Event: 300.198 Thread 0x0000000021bbd000 Uncommon trap: reason=unhandled action=none pc=0x00000000031b42a0 method=java.net.URLClassLoader.findClass(Ljava/lang/String;)Ljava/lang/Class; @ 44

Internal exceptions (10 events):
Event: 299.972 Thread 0x0000000021bc1800 Exception <a 'java/lang/NoSuchMethodError': <clinit>> (0x000000076bb797f0) thrown at [C:\re\workspace\8-2-build-windows-amd64-cygwin\jdk8u91\6644\hotspot\src\share\vm\prims\jni.cpp, line 1613]
Event: 299.973 Thread 0x0000000021bc1800 Exception <a 'java/lang/NoSuchMethodError': <clinit>> (0x000000076bb82a88) thrown at [C:\re\workspace\8-2-build-windows-amd64-cygwin\jdk8u91\6644\hotspot\src\share\vm\prims\jni.cpp, line 1613]
Event: 299.973 Thread 0x0000000021bc1800 Exception <a 'java/lang/NoSuchMethodError': <clinit>> (0x000000076bbcdff8) thrown at [C:\re\workspace\8-2-build-windows-amd64-cygwin\jdk8u91\6644\hotspot\src\share\vm\prims\jni.cpp, line 1613]
Event: 299.975 Thread 0x0000000021bc1800 Exception <a 'java/lang/NoSuchMethodError': <clinit>> (0x000000076bbdf4e8) thrown at [C:\re\workspace\8-2-build-windows-amd64-cygwin\jdk8u91\6644\hotspot\src\share\vm\prims\jni.cpp, line 1613]
Event: 300.030 Thread 0x0000000020275000 Exception <a 'java/lang/NoSuchMethodError': <clinit>> (0x000000076c08f9c0) thrown at [C:\re\workspace\8-2-build-windows-amd64-cygwin\jdk8u91\6644\hotspot\src\share\vm\prims\jni.cpp, line 1613]
Event: 300.031 Thread 0x0000000020275000 Exception <a 'java/lang/NoSuchMethodError': <clinit>> (0x000000076c096fb0) thrown at [C:\re\workspace\8-2-build-windows-amd64-cygwin\jdk8u91\6644\hotspot\src\share\vm\prims\jni.cpp, line 1613]
Event: 300.033 Thread 0x0000000020275000 Exception <a 'java/lang/NoSuchMethodError': <clinit>> (0x000000076c0bbcc8) thrown at [C:\re\workspace\8-2-build-windows-amd64-cygwin\jdk8u91\6644\hotspot\src\share\vm\prims\jni.cpp, line 1613]
Event: 300.033 Thread 0x0000000020275000 Exception <a 'java/lang/NoSuchMethodError': <clinit>> (0x000000076c0c4148) thrown at [C:\re\workspace\8-2-build-windows-amd64-cygwin\jdk8u91\6644\hotspot\src\share\vm\prims\jni.cpp, line 1613]
Event: 300.167 Thread 0x0000000021bc4800 Exception <a 'java/lang/NoSuchMethodError': <clinit>> (0x000000076cc6cf98) thrown at [C:\re\workspace\8-2-build-windows-amd64-cygwin\jdk8u91\6644\hotspot\src\share\vm\prims\jni.cpp, line 1613]
Event: 300.171 Thread 0x0000000021bc4800 Exception <a 'java/lang/NoSuchMethodError': <clinit>> (0x000000076ccab128) thrown at [C:\re\workspace\8-2-build-windows-amd64-cygwin\jdk8u91\6644\hotspot\src\share\vm\prims\jni.cpp, line 1613]

Events (10 events):
Event: 303.101 Executing VM operation: ChangeSingleStep done
Event: 303.101 Executing VM operation: ChangeSingleStep
Event: 303.101 Executing VM operation: ChangeSingleStep done
Event: 310.398 Thread 0x000000001e5e7800 flushing nmethod 0x0000000002ebd710
Event: 310.398 Thread 0x000000001e5e7800 flushing nmethod 0x0000000002ef5890
Event: 330.396 Thread 0x000000001e5e7800 flushing nmethod 0x00000000030c36d0
Event: 330.397 Thread 0x000000001e5e7800 flushing nmethod 0x00000000030cf690
Event: 360.175 Thread 0x0000000021bc4800 Thread exited: 0x0000000021bc4800
Event: 598.485 Executing VM operation: RedefineClasses
Event: 598.498 Executing VM operation: RedefineClasses done


Dynamic libraries:
0x00007ff6c7dd0000 - 0x00007ff6c7e07000 	C:\Program Files\Java\jdk1.8.0_91\bin\javaw.exe
0x00007ffe8b140000 - 0x00007ffe8b321000 	C:\WINDOWS\SYSTEM32\ntdll.dll
0x00007ffe4dc00000 - 0x00007ffe4dc34000 	C:\Program Files (x86)\AVG\Antivirus\x64\aswhooka.dll
0x00007ffe8b050000 - 0x00007ffe8b102000 	C:\WINDOWS\System32\KERNEL32.DLL
0x00007ffe882d0000 - 0x00007ffe88543000 	C:\WINDOWS\System32\KERNELBASE.dll
0x00007ffe88950000 - 0x00007ffe889f1000 	C:\WINDOWS\System32\ADVAPI32.dll
0x00007ffe8aca0000 - 0x00007ffe8ad3e000 	C:\WINDOWS\System32\msvcrt.dll
0x00007ffe8af90000 - 0x00007ffe8afeb000 	C:\WINDOWS\System32\sechost.dll
0x00007ffe8ae60000 - 0x00007ffe8af84000 	C:\WINDOWS\System32\RPCRT4.dll
0x00007ffe89120000 - 0x00007ffe892b0000 	C:\WINDOWS\System32\USER32.dll
0x00007ffe882b0000 - 0x00007ffe882d0000 	C:\WINDOWS\System32\win32u.dll
0x00007ffe892e0000 - 0x00007ffe89308000 	C:\WINDOWS\System32\GDI32.dll
0x00007ffe880c0000 - 0x00007ffe88252000 	C:\WINDOWS\System32\gdi32full.dll
0x00007ffe87c20000 - 0x00007ffe87cbf000 	C:\WINDOWS\System32\msvcp_win.dll
0x00007ffe87f10000 - 0x00007ffe8800a000 	C:\WINDOWS\System32\ucrtbase.dll
0x00007ffe7a530000 - 0x00007ffe7a799000 	C:\WINDOWS\WinSxS\amd64_microsoft.windows.common-controls_6595b64144ccf1df_6.0.17134.165_none_fb429645306569ac\COMCTL32.dll
0x00007ffe8a970000 - 0x00007ffe8ac93000 	C:\WINDOWS\System32\combase.dll
0x00007ffe88550000 - 0x00007ffe885ca000 	C:\WINDOWS\System32\bcryptPrimitives.dll
0x00007ffe892b0000 - 0x00007ffe892dd000 	C:\WINDOWS\System32\IMM32.DLL
0x0000000057f30000 - 0x0000000058002000 	C:\Program Files\Java\jdk1.8.0_91\jre\bin\msvcr100.dll
0x00000000573d0000 - 0x0000000057c63000 	C:\Program Files\Java\jdk1.8.0_91\jre\bin\server\jvm.dll
0x00007ffe88f40000 - 0x00007ffe88f48000 	C:\WINDOWS\System32\PSAPI.DLL
0x00007ffe6f980000 - 0x00007ffe6f989000 	C:\WINDOWS\SYSTEM32\WSOCK32.dll
0x00007ffe890b0000 - 0x00007ffe8911c000 	C:\WINDOWS\System32\WS2_32.dll
0x00007ffe828b0000 - 0x00007ffe828d3000 	C:\WINDOWS\SYSTEM32\WINMM.dll
0x00007ffe7e450000 - 0x00007ffe7e45a000 	C:\WINDOWS\SYSTEM32\VERSION.dll
0x00007ffe82840000 - 0x00007ffe8286a000 	C:\WINDOWS\SYSTEM32\WINMMBASE.dll
0x00007ffe88260000 - 0x00007ffe882a9000 	C:\WINDOWS\System32\cfgmgr32.dll
0x0000000058350000 - 0x000000005835f000 	C:\Program Files\Java\jdk1.8.0_91\jre\bin\verify.dll
0x0000000058320000 - 0x0000000058349000 	C:\Program Files\Java\jdk1.8.0_91\jre\bin\java.dll
0x0000000058520000 - 0x0000000058555000 	C:\Program Files\Java\jdk1.8.0_91\jre\bin\jdwp.dll
0x0000000058510000 - 0x0000000058518000 	C:\Program Files\Java\jdk1.8.0_91\jre\bin\npt.dll
0x0000000058300000 - 0x0000000058316000 	C:\Program Files\Java\jdk1.8.0_91\jre\bin\zip.dll
0x00007ffe89530000 - 0x00007ffe8a970000 	C:\WINDOWS\System32\SHELL32.dll
0x00007ffe8adb0000 - 0x00007ffe8ae59000 	C:\WINDOWS\System32\shcore.dll
0x00007ffe87510000 - 0x00007ffe87c1d000 	C:\WINDOWS\System32\windows.storage.dll
0x00007ffe88f70000 - 0x00007ffe88fc1000 	C:\WINDOWS\System32\shlwapi.dll
0x00007ffe874f0000 - 0x00007ffe87501000 	C:\WINDOWS\System32\kernel.appcore.dll
0x00007ffe874d0000 - 0x00007ffe874ef000 	C:\WINDOWS\System32\profapi.dll
0x00007ffe87460000 - 0x00007ffe874ac000 	C:\WINDOWS\System32\powrprof.dll
0x00007ffe87450000 - 0x00007ffe8745a000 	C:\WINDOWS\System32\FLTLIB.DLL
0x0000000058500000 - 0x0000000058509000 	C:\Program Files\Java\jdk1.8.0_91\jre\bin\dt_socket.dll
0x00007ffe82f70000 - 0x00007ffe82f86000 	C:\WINDOWS\system32\napinsp.dll
0x00007ffe82f50000 - 0x00007ffe82f6a000 	C:\WINDOWS\system32\pnrpnsp.dll
0x00007ffe84190000 - 0x00007ffe841a9000 	C:\WINDOWS\system32\NLAapi.dll
0x00007ffe86cd0000 - 0x00007ffe86d36000 	C:\WINDOWS\System32\mswsock.dll
0x00007ffe86a90000 - 0x00007ffe86b4e000 	C:\WINDOWS\SYSTEM32\DNSAPI.dll
0x00007ffe8ad40000 - 0x00007ffe8ad48000 	C:\WINDOWS\System32\NSI.dll
0x00007ffe86a50000 - 0x00007ffe86a88000 	C:\WINDOWS\SYSTEM32\IPHLPAPI.DLL
0x00007ffe82f40000 - 0x00007ffe82f4e000 	C:\WINDOWS\System32\winrnr.dll
0x00007ffe81750000 - 0x00007ffe81765000 	C:\WINDOWS\System32\wshbth.dll
0x00007ffe7e190000 - 0x00007ffe7e202000 	C:\WINDOWS\System32\fwpuclnt.dll
0x00007ffe86fb0000 - 0x00007ffe86fd5000 	C:\WINDOWS\SYSTEM32\bcrypt.dll
0x00007ffe7e460000 - 0x00007ffe7e46a000 	C:\Windows\System32\rasadhlp.dll
0x00000000582e0000 - 0x00000000582fa000 	C:\Program Files\Java\jdk1.8.0_91\jre\bin\net.dll
0x0000000058010000 - 0x000000005801d000 	C:\Program Files\Java\jdk1.8.0_91\jre\bin\management.dll
0x00000000584f0000 - 0x00000000584f9000 	C:\Program Files\Java\jdk1.8.0_91\jre\bin\w2k_lsa_auth.dll
0x00007ffe78a60000 - 0x00007ffe78a6c000 	C:\WINDOWS\SYSTEM32\Secur32.dll
0x00007ffe87350000 - 0x00007ffe87380000 	C:\WINDOWS\SYSTEM32\SSPICLI.DLL
0x00000000584e0000 - 0x00000000584e9000 	C:\Program Files\Java\jdk1.8.0_91\jre\bin\jaas_nt.dll
0x00000000582c0000 - 0x00000000582d1000 	C:\Program Files\Java\jdk1.8.0_91\jre\bin\nio.dll
0x00007ffe86e90000 - 0x00007ffe86ea7000 	C:\WINDOWS\SYSTEM32\CRYPTSP.dll
0x00007ffe868b0000 - 0x00007ffe868e3000 	C:\WINDOWS\system32\rsaenh.dll
0x00007ffe87380000 - 0x00007ffe873a8000 	C:\WINDOWS\SYSTEM32\USERENV.dll
0x00007ffe86e80000 - 0x00007ffe86e8b000 	C:\WINDOWS\SYSTEM32\CRYPTBASE.dll
0x00007ffe800e0000 - 0x00007ffe800f6000 	C:\WINDOWS\SYSTEM32\dhcpcsvc6.DLL
0x00007ffe800c0000 - 0x00007ffe800da000 	C:\WINDOWS\SYSTEM32\dhcpcsvc.DLL
0x0000000066f40000 - 0x0000000066f6d000 	C:\Users\r.hudson\AppData\Local\Temp\liblz4-java8201057155448709174.so
0x00007ffe70b50000 - 0x00007ffe70d19000 	C:\WINDOWS\SYSTEM32\dbghelp.dll

VM Arguments:
jvm_args: -agentlib:jdwp=transport=dt_socket,suspend=y,address=localhost:52729 -Dfile.encoding=UTF-8 
java_command: climaCluster.KMeansClimate C:\Users\r.hudson\Documents\WORK\softEng\Diss\Design\cycle1\flatClimateData.csv
java_class_path (initial): C:\Program Files\Java\jdk1.8.0_91\jre\lib\resources.jar;C:\Program Files\Java\jdk1.8.0_91\jre\lib\rt.jar;C:\Program Files\Java\jdk1.8.0_91\jre\lib\jsse.jar;C:\Program Files\Java\jdk1.8.0_91\jre\lib\jce.jar;C:\Program Files\Java\jdk1.8.0_91\jre\lib\charsets.jar;C:\Program Files\Java\jdk1.8.0_91\jre\lib\jfr.jar;C:\Program Files\Java\jdk1.8.0_91\jre\lib\ext\access-bridge-64.jar;C:\Program Files\Java\jdk1.8.0_91\jre\lib\ext\cldrdata.jar;C:\Program Files\Java\jdk1.8.0_91\jre\lib\ext\dnsns.jar;C:\Program Files\Java\jdk1.8.0_91\jre\lib\ext\el-api.jar;C:\Program Files\Java\jdk1.8.0_91\jre\lib\ext\jaccess.jar;C:\Program Files\Java\jdk1.8.0_91\jre\lib\ext\jfxrt.jar;C:\Program Files\Java\jdk1.8.0_91\jre\lib\ext\jsp-api.jar;C:\Program Files\Java\jdk1.8.0_91\jre\lib\ext\localedata.jar;C:\Program Files\Java\jdk1.8.0_91\jre\lib\ext\mysql-connector-java-5.1.40-bin.jar;C:\Program Files\Java\jdk1.8.0_91\jre\lib\ext\nashorn.jar;C:\Program Files\Java\jdk1.8.0_91\jre\lib\ext\servlet-api.jar;C:\Program Files\Java\jdk1.8.0_91\jre\lib\ext\sunec.jar;C:\Program Files\Java\jdk1.8.0_91\jre\lib\ext\sunjce_provider.jar;C:\Program Files\Java\jdk1.8.0_91\jre\lib\ext\sunmscapi.jar;C:\Program Files\Java\jdk1.8.0_91\jre\lib\ext\sunpkcs11.jar;C:\Program Files\Java\jdk1.8.0_91\jre\lib\ext\tomcat-dbcp.jar;C:\Program Files\Java\jdk1.8.0_91\jre\lib\ext\zipfs.jar;C:\Users\r.hudson\Documents\WORK\softEng\Diss\Design\cycle1\climaCluster\target\classes;C:\Users\r.hudson\.m2\repository\org\apache\spark\spark-sql_2.11\2.3.1\spark-sql_2.11-2.3.1.jar;C:\Users\r.hudson\.m2\repository\com\univocity\univocity-parsers\2.5.9\univocity-parsers-2.5.9.jar;C:\Users\r.hudson\.m2\repository\org\apache\spark\spark-sketch_2.11\2.3.1\spark-sketch_2.11-2.3.1.jar;C:\Users\r.hudson\.m2\repository\org\apache\spark\spark-catalyst_2.11\2.3.1\spark-catalyst_2.11-2.3.1.jar;C:\Users\r.hudson\.m2\repository\org\scala-lang\scala-reflect\2.11.8\scala-reflect-2.11.8.jar;C:\Users\r.hudson\.m2\repository\org\code
Launcher Type: SUN_STANDARD

Environment Variables:
USERNAME=r.hudson
OS=Windows_NT
PROCESSOR_IDENTIFIER=Intel64 Family 6 Model 60 Stepping 3, GenuineIntel



---------------  S Y S T E M  ---------------

OS: Windows 10.0 , 64 bit Build 17134 (10.0.17134.1)

CPU:total 8 (4 cores per cpu, 2 threads per core) family 6 model 60 stepping 3, cmov, cx8, fxsr, mmx, sse, sse2, sse3, ssse3, sse4.1, sse4.2, popcnt, avx, avx2, aes, clmul, erms, lzcnt, ht, tsc, tscinvbit, bmi1, bmi2

Memory: 4k page, physical 16677948k(6835060k free), swap 35552316k(5030928k free)

vm_info: Java HotSpot(TM) 64-Bit Server VM (25.91-b14) for windows-amd64 JRE (1.8.0_91-b14), built on Apr  1 2016 00:58:32 by "java_re" with MS VC++ 10.0 (VS2010)

time: Tue Jul 17 16:49:33 2018
elapsed time: 598 seconds (0d 0h 9m 58s)

