#
# A fatal error has been detected by the Java Runtime Environment:
#
#  EXCEPTION_ACCESS_VIOLATION (0xc0000005) at pc=0x0000000066cf8f45, pid=10572, tid=15944
#
# JRE version: Java(TM) SE Runtime Environment (8.0_91-b14) (build 1.8.0_91-b14)
# Java VM: Java HotSpot(TM) 64-Bit Server VM (25.91-b14 mixed mode windows-amd64 compressed oops)
# Problematic frame:
# V  [jvm.dll+0x128f45]
#
# Failed to write core dump. Minidumps are not enabled by default on client versions of Windows
#
# If you would like to submit a bug report, please visit:
#   http://bugreport.java.com/bugreport/crash.jsp
#

---------------  T H R E A D  ---------------

Current thread (0x000000001e716000):  JavaThread "JDWP Transport Listener: dt_socket" daemon [_thread_in_vm, id=15944, stack(0x000000001f200000,0x000000001f300000)]

siginfo: ExceptionCode=0xc0000005, reading address 0xffffffffffffffff

Registers:
RAX=0x000000001f2ff301, RBX=0x000000001e716000, RCX=0x726f746375727473, RDX=0x0000000000000000
RSP=0x000000001f2ff2e0, RBP=0x726f746375727473, RSI=0x000000001f2ff3f8, RDI=0x0000000002c89d70
R8 =0x000000001e716000, R9 =0x0000000000008000, R10=0x0000000000000000, R11=0x000000001f2ff59c
R12=0x0000000000000000, R13=0x000000001e71db48, R14=0x0000000000000000, R15=0x0000000000000000
RIP=0x0000000066cf8f45, EFLAGS=0x0000000000010202

Top of Stack: (sp=0x000000001f2ff2e0)
0x000000001f2ff2e0:   000000001e716000 000000001e716000
0x000000001f2ff2f0:   000000001f2ff3a8 0000000066eff32b
0x000000001f2ff300:   000000001e716000 0000000066f1bb8d
0x000000001f2ff310:   0000000000000000 0000000066779155
0x000000001f2ff320:   000000001e790058 000000006678291e
0x000000001f2ff330:   000000001e716000 0000000000000000
0x000000001f2ff340:   0000000000000000 0000000000000000
0x000000001f2ff350:   726f746375727473 0000000066781a15
0x000000001f2ff360:   000000001f2ff3f8 000000001f2ff3d0
0x000000001f2ff370:   0000000000000001 000000001e790058
0x000000001f2ff380:   726f746375727473 00000000667653b3
0x000000001f2ff390:   000000001f2ff4c0 0000000000000001
0x000000001f2ff3a0:   0000000000000001 000000001e790058
0x000000001f2ff3b0:   0000000000000009 0000000000000000
0x000000001f2ff3c0:   0000000000000000 0000000000000000
0x000000001f2ff3d0:   0000000000000001 0000000066765571 

Instructions: (pc=0x0000000066cf8f45)
0x0000000066cf8f25:   cc cc cc cc cc cc cc cc cc cc cc 48 83 ec 28 48
0x0000000066cf8f35:   85 c9 75 07 33 c0 48 83 c4 28 c3 48 89 5c 24 20
0x0000000066cf8f45:   48 8b 19 48 85 db 74 20 48 83 fb 37 74 1a 48 8b
0x0000000066cf8f55:   13 48 8b cb ff 52 10 84 c0 74 0d 48 8b c3 48 8b 


Register to memory mapping:

RAX=0x000000001f2ff301 is pointing into the stack for thread: 0x000000001e716000
RBX=0x000000001e716000 is a thread
RCX=0x726f746375727473 is an unknown value
RDX=0x0000000000000000 is an unknown value
RSP=0x000000001f2ff2e0 is pointing into the stack for thread: 0x000000001e716000
RBP=0x726f746375727473 is an unknown value
RSI=0x000000001f2ff3f8 is pointing into the stack for thread: 0x000000001e716000
RDI=0x0000000002c89d70 is an unknown value
R8 =0x000000001e716000 is a thread
R9 =0x0000000000008000 is an unknown value
R10=0x0000000000000000 is an unknown value
R11=0x000000001f2ff59c is pointing into the stack for thread: 0x000000001e716000
R12=0x0000000000000000 is an unknown value
R13=0x000000001e71db48 is an unknown value
R14=0x0000000000000000 is an unknown value
R15=0x0000000000000000 is an unknown value


Stack: [0x000000001f200000,0x000000001f300000],  sp=0x000000001f2ff2e0,  free space=1020k
Native frames: (J=compiled Java code, j=interpreted, Vv=VM code, C=native code)
V  [jvm.dll+0x128f45]
V  [jvm.dll+0x34bb8d]
C  [jdwp.dll+0x21a15]
C  [jdwp.dll+0x53b3]
C  [jdwp.dll+0x5571]
C  [jdwp.dll+0xf0a8]
C  [jdwp.dll+0x1f2d5]
C  [jdwp.dll+0x1f4aa]
V  [jvm.dll+0x1bbf38]
V  [jvm.dll+0x243ae4]
V  [jvm.dll+0x29a99a]
C  [msvcr100.dll+0x21d9f]
C  [msvcr100.dll+0x21e3b]
C  [KERNEL32.DLL+0x13034]
C  [ntdll.dll+0x71431]


---------------  P R O C E S S  ---------------

Java Threads: ( => current thread )
  0x000000001e78b800 JavaThread "Service Thread" daemon [_thread_blocked, id=18980, stack(0x000000001f900000,0x000000001fa00000)]
  0x000000001e73e800 JavaThread "C1 CompilerThread3" daemon [_thread_blocked, id=14580, stack(0x000000001f800000,0x000000001f900000)]
  0x000000001e73e000 JavaThread "C2 CompilerThread2" daemon [_thread_blocked, id=18940, stack(0x000000001f700000,0x000000001f800000)]
  0x000000001e73c000 JavaThread "C2 CompilerThread1" daemon [_thread_blocked, id=1516, stack(0x000000001f600000,0x000000001f700000)]
  0x000000001e735800 JavaThread "C2 CompilerThread0" daemon [_thread_blocked, id=7864, stack(0x000000001f500000,0x000000001f600000)]
  0x000000001e725800 JavaThread "JDWP Command Reader" daemon [_thread_in_native, id=8308, stack(0x000000001f400000,0x000000001f500000)]
  0x000000001e720000 JavaThread "JDWP Event Helper Thread" daemon [_thread_blocked, id=3880, stack(0x000000001f300000,0x000000001f400000)]
=>0x000000001e716000 JavaThread "JDWP Transport Listener: dt_socket" daemon [_thread_in_vm, id=15944, stack(0x000000001f200000,0x000000001f300000)]
  0x000000001e708000 JavaThread "Attach Listener" daemon [_thread_blocked, id=1072, stack(0x000000001edc0000,0x000000001eec0000)]
  0x000000001e705800 JavaThread "Signal Dispatcher" daemon [_thread_blocked, id=11092, stack(0x000000001ecc0000,0x000000001edc0000)]
  0x000000001e6f0800 JavaThread "Finalizer" daemon [_thread_blocked, id=8756, stack(0x000000001ead0000,0x000000001ebd0000)]
  0x000000001c7d3000 JavaThread "Reference Handler" daemon [_thread_blocked, id=17424, stack(0x000000001e5d0000,0x000000001e6d0000)]
  0x0000000002c9d000 JavaThread "main" [_thread_blocked, id=1432, stack(0x0000000002a90000,0x0000000002b90000)]

Other Threads:
  0x000000001c7ca800 VMThread [stack: 0x000000001e4d0000,0x000000001e5d0000] [id=12976]
  0x000000001e8a6800 WatcherThread [stack: 0x000000001fa00000,0x000000001fb00000] [id=17092]

VM state:not at safepoint (normal execution)

VM Mutex/Monitor currently owned by a thread: None

Heap:
 PSYoungGen      total 76288K, used 5243K [0x000000076b300000, 0x0000000770800000, 0x00000007c0000000)
  eden space 65536K, 8% used [0x000000076b300000,0x000000076b81ec38,0x000000076f300000)
  from space 10752K, 0% used [0x000000076fd80000,0x000000076fd80000,0x0000000770800000)
  to   space 10752K, 0% used [0x000000076f300000,0x000000076f300000,0x000000076fd80000)
 ParOldGen       total 175104K, used 0K [0x00000006c1800000, 0x00000006cc300000, 0x000000076b300000)
  object space 175104K, 0% used [0x00000006c1800000,0x00000006c1800000,0x00000006cc300000)
 Metaspace       used 2842K, capacity 4494K, committed 4864K, reserved 1056768K
  class space    used 305K, capacity 386K, committed 512K, reserved 1048576K

Card table byte_map: [0x0000000012150000,0x0000000012950000] byte_map_base: 0x000000000eb44000

Marking Bits: (ParMarkBitMap*) 0x00000000673e2f70
 Begin Bits: [0x00000000136a0000, 0x0000000017640000)
 End Bits:   [0x0000000017640000, 0x000000001b5e0000)

Polling page: 0x0000000000e70000

CodeCache: size=245760Kb used=1205Kb max_used=1205Kb free=244554Kb
 bounds [0x0000000002d90000, 0x0000000003000000, 0x0000000011d90000]
 total_blobs=293 nmethods=67 adapters=147
 compilation: enabled

Compilation events (10 events):
Event: 0.520 Thread 0x000000001e73e800   62       3       java.io.File::<init> (47 bytes)
Event: 0.520 Thread 0x000000001e73e800 nmethod 62 0x0000000002ebba90 code [0x0000000002ebbc20, 0x0000000002ebbfa8]
Event: 0.520 Thread 0x000000001e73e800   63       1       java.net.URL::getFile (5 bytes)
Event: 0.520 Thread 0x000000001e73e800 nmethod 63 0x0000000002ebc110 code [0x0000000002ebc260, 0x0000000002ebc370]
Event: 0.520 Thread 0x000000001e73e800   65       1       java.util.ArrayList::size (5 bytes)
Event: 0.520 Thread 0x000000001e73e800 nmethod 65 0x0000000002ebc3d0 code [0x0000000002ebc520, 0x0000000002ebc630]
Event: 0.521 Thread 0x000000001e73e800   66       3       java.io.WinNTFileSystem::normalize (143 bytes)
Event: 0.521 Thread 0x000000001e73e800 nmethod 66 0x0000000002ebc690 code [0x0000000002ebc880, 0x0000000002ebd108]
Event: 0.523 Thread 0x000000001e73e800   67       3       java.lang.String::hashCode (55 bytes)
Event: 0.523 Thread 0x000000001e73e800 nmethod 67 0x0000000002ebd510 code [0x0000000002ebd680, 0x0000000002ebd910]

GC Heap History (0 events):
No events

Deoptimization events (1 events):
Event: 0.522 Thread 0x0000000002c9d000 Uncommon trap: reason=unstable_if action=reinterpret pc=0x0000000002e920e0 method=java.lang.String.hashCode()I @ 14

Internal exceptions (2 events):
Event: 0.030 Thread 0x0000000002c9d000 Exception <a 'java/lang/NoSuchMethodError': Method sun.misc.Unsafe.defineClass(Ljava/lang/String;[BII)Ljava/lang/Class; name or signature does not match> (0x000000076b307cc0) thrown at [C:\re\workspace\8-2-build-windows-amd64-cygwin\jdk8u91\6644\hotspot\srP³Zºnåž?
Event: 0.030 Thread 0x0000000002c9d000 Exception <a 'java/lang/NoSuchMethodError': Method sun.misc.Unsafe.prefetchRead(Ljava/lang/Object;J)V name or signature does not match> (0x000000076b307fa8) thrown at [C:\re\workspace\8-2-build-windows-amd64-cygwin\jdk8u91\6644\hotspot\src\share\vm\prims\j

Events (10 events):
Event: 0.524 loading class java/lang/Class$MethodArray
Event: 0.524 loading class java/lang/Class$MethodArray done
Event: 0.524 loading class java/util/concurrent/ConcurrentHashMap$ForwardingNode
Event: 0.524 loading class java/util/concurrent/ConcurrentHashMap$ForwardingNode done
Event: 0.530 loading class java/lang/Void
Event: 0.530 loading class java/lang/Void done
Event: 4.559 Executing VM operation: EnableBiasedLocking
Event: 4.560 Executing VM operation: EnableBiasedLocking done
Event: 11.848 Executing VM operation: RedefineClasses
Event: 11.849 Executing VM operation: RedefineClasses done


Dynamic libraries:
0x00007ff635160000 - 0x00007ff635197000 	C:\Program Files\Java\jdk1.8.0_91\bin\javaw.exe
0x00007fffe20c0000 - 0x00007fffe22a1000 	C:\WINDOWS\SYSTEM32\ntdll.dll
0x00007fff9ea50000 - 0x00007fff9ea84000 	C:\Program Files (x86)\AVG\Antivirus\x64\aswhooka.dll
0x00007fffdf850000 - 0x00007fffdf902000 	C:\WINDOWS\System32\KERNEL32.DLL
0x00007fffdee90000 - 0x00007fffdf103000 	C:\WINDOWS\System32\KERNELBASE.dll
0x00007fffe1b30000 - 0x00007fffe1bd1000 	C:\WINDOWS\System32\ADVAPI32.dll
0x00007fffdf7b0000 - 0x00007fffdf84e000 	C:\WINDOWS\System32\msvcrt.dll
0x00007fffdf990000 - 0x00007fffdf9eb000 	C:\WINDOWS\System32\sechost.dll
0x00007fffe00d0000 - 0x00007fffe01f4000 	C:\WINDOWS\System32\RPCRT4.dll
0x00007fffe0230000 - 0x00007fffe03c0000 	C:\WINDOWS\System32\USER32.dll
0x00007fffdf490000 - 0x00007fffdf4b0000 	C:\WINDOWS\System32\win32u.dll
0x00007fffe0200000 - 0x00007fffe0228000 	C:\WINDOWS\System32\GDI32.dll
0x00007fffdf1f0000 - 0x00007fffdf382000 	C:\WINDOWS\System32\gdi32full.dll
0x00007fffdf4b0000 - 0x00007fffdf54f000 	C:\WINDOWS\System32\msvcp_win.dll
0x00007fffde490000 - 0x00007fffde58a000 	C:\WINDOWS\System32\ucrtbase.dll
0x00007fffd0e60000 - 0x00007fffd10c9000 	C:\WINDOWS\WinSxS\amd64_microsoft.windows.common-controls_6595b64144ccf1df_6.0.17134.165_none_fb429645306569ac\COMCTL32.dll
0x00007fffe03c0000 - 0x00007fffe06e3000 	C:\WINDOWS\System32\combase.dll
0x00007fffdf110000 - 0x00007fffdf18a000 	C:\WINDOWS\System32\bcryptPrimitives.dll
0x00007fffe00a0000 - 0x00007fffe00cd000 	C:\WINDOWS\System32\IMM32.DLL
0x00000000667a0000 - 0x0000000066872000 	C:\Program Files\Java\jdk1.8.0_91\jre\bin\msvcr100.dll
0x0000000066bd0000 - 0x0000000067463000 	C:\Program Files\Java\jdk1.8.0_91\jre\bin\server\jvm.dll
0x00007fffdfda0000 - 0x00007fffdfda8000 	C:\WINDOWS\System32\PSAPI.DLL
0x00007fffc8810000 - 0x00007fffc8819000 	C:\WINDOWS\SYSTEM32\WSOCK32.dll
0x00007fffdfdb0000 - 0x00007fffdfe1c000 	C:\WINDOWS\System32\WS2_32.dll
0x00007fffd9cd0000 - 0x00007fffd9cf3000 	C:\WINDOWS\SYSTEM32\WINMM.dll
0x00007fffd4db0000 - 0x00007fffd4dba000 	C:\WINDOWS\SYSTEM32\VERSION.dll
0x00007fffd9c50000 - 0x00007fffd9c7a000 	C:\WINDOWS\SYSTEM32\WINMMBASE.dll
0x00007fffdf390000 - 0x00007fffdf3d9000 	C:\WINDOWS\System32\cfgmgr32.dll
0x0000000066bc0000 - 0x0000000066bcf000 	C:\Program Files\Java\jdk1.8.0_91\jre\bin\verify.dll
0x0000000066b90000 - 0x0000000066bb9000 	C:\Program Files\Java\jdk1.8.0_91\jre\bin\java.dll
0x0000000066760000 - 0x0000000066795000 	C:\Program Files\Java\jdk1.8.0_91\jre\bin\jdwp.dll
0x0000000066750000 - 0x0000000066758000 	C:\Program Files\Java\jdk1.8.0_91\jre\bin\npt.dll
0x0000000066b70000 - 0x0000000066b86000 	C:\Program Files\Java\jdk1.8.0_91\jre\bin\zip.dll
0x00007fffe06f0000 - 0x00007fffe1b30000 	C:\WINDOWS\System32\SHELL32.dll
0x00007fffdfc90000 - 0x00007fffdfd39000 	C:\WINDOWS\System32\shcore.dll
0x00007fffde780000 - 0x00007fffdee8d000 	C:\WINDOWS\System32\windows.storage.dll
0x00007fffe2030000 - 0x00007fffe2081000 	C:\WINDOWS\System32\shlwapi.dll
0x00007fffde470000 - 0x00007fffde481000 	C:\WINDOWS\System32\kernel.appcore.dll
0x00007fffde450000 - 0x00007fffde46f000 	C:\WINDOWS\System32\profapi.dll
0x00007fffde3d0000 - 0x00007fffde41c000 	C:\WINDOWS\System32\powrprof.dll
0x00007fffde420000 - 0x00007fffde42a000 	C:\WINDOWS\System32\FLTLIB.DLL
0x0000000066740000 - 0x0000000066749000 	C:\Program Files\Java\jdk1.8.0_91\jre\bin\dt_socket.dll
0x00007fffbbe40000 - 0x00007fffbbe56000 	C:\WINDOWS\system32\napinsp.dll
0x00007fffbbcf0000 - 0x00007fffbbd0a000 	C:\WINDOWS\system32\pnrpnsp.dll
0x00007fffdb1d0000 - 0x00007fffdb1e9000 	C:\WINDOWS\system32\NLAapi.dll
0x00007fffddc50000 - 0x00007fffddcb6000 	C:\WINDOWS\System32\mswsock.dll
0x00007fffdda10000 - 0x00007fffddace000 	C:\WINDOWS\SYSTEM32\DNSAPI.dll
0x00007fffdf6b0000 - 0x00007fffdf6b8000 	C:\WINDOWS\System32\NSI.dll
0x00007fffdd9d0000 - 0x00007fffdda08000 	C:\WINDOWS\SYSTEM32\IPHLPAPI.DLL
0x00007fffbbce0000 - 0x00007fffbbcee000 	C:\WINDOWS\System32\winrnr.dll
0x00007fffd8a30000 - 0x00007fffd8a45000 	C:\WINDOWS\System32\wshbth.dll
0x00007fffd34d0000 - 0x00007fffd3542000 	C:\WINDOWS\System32\fwpuclnt.dll
0x00007fffddf30000 - 0x00007fffddf55000 	C:\WINDOWS\SYSTEM32\bcrypt.dll
0x00007fffd2d10000 - 0x00007fffd2d1a000 	C:\Windows\System32\rasadhlp.dll
0x00007fffc8d20000 - 0x00007fffc8ee9000 	C:\WINDOWS\SYSTEM32\dbghelp.dll

VM Arguments:
jvm_args: -agentlib:jdwp=transport=dt_socket,suspend=y,address=localhost:55763 -Dfile.encoding=UTF-8 
java_command: org.rolson.emr.sparkKmeans.App
java_class_path (initial): C:\Program Files\Java\jdk1.8.0_91\jre\lib\resources.jar;C:\Program Files\Java\jdk1.8.0_91\jre\lib\rt.jar;C:\Program Files\Java\jdk1.8.0_91\jre\lib\jsse.jar;C:\Program Files\Java\jdk1.8.0_91\jre\lib\jce.jar;C:\Program Files\Java\jdk1.8.0_91\jre\lib\charsets.jar;C:\Program Files\Java\jdk1.8.0_91\jre\lib\jfr.jar;C:\Program Files\Java\jdk1.8.0_91\jre\lib\ext\access-bridge-64.jar;C:\Program Files\Java\jdk1.8.0_91\jre\lib\ext\cldrdata.jar;C:\Program Files\Java\jdk1.8.0_91\jre\lib\ext\dnsns.jar;C:\Program Files\Java\jdk1.8.0_91\jre\lib\ext\el-api.jar;C:\Program Files\Java\jdk1.8.0_91\jre\lib\ext\jaccess.jar;C:\Program Files\Java\jdk1.8.0_91\jre\lib\ext\jfxrt.jar;C:\Program Files\Java\jdk1.8.0_91\jre\lib\ext\jsp-api.jar;C:\Program Files\Java\jdk1.8.0_91\jre\lib\ext\localedata.jar;C:\Program Files\Java\jdk1.8.0_91\jre\lib\ext\mysql-connector-java-5.1.40-bin.jar;C:\Program Files\Java\jdk1.8.0_91\jre\lib\ext\nashorn.jar;C:\Program Files\Java\jdk1.8.0_91\jre\lib\ext\servlet-api.jar;C:\Program Files\Java\jdk1.8.0_91\jre\lib\ext\sunec.jar;C:\Program Files\Java\jdk1.8.0_91\jre\lib\ext\sunjce_provider.jar;C:\Program Files\Java\jdk1.8.0_91\jre\lib\ext\sunmscapi.jar;C:\Program Files\Java\jdk1.8.0_91\jre\lib\ext\sunpkcs11.jar;C:\Program Files\Java\jdk1.8.0_91\jre\lib\ext\tomcat-dbcp.jar;C:\Program Files\Java\jdk1.8.0_91\jre\lib\ext\zipfs.jar;C:\Users\r.hudson\Documents\WORK\softEng\Diss\Design\cycle1\sparkKmeans\target\classes;C:\Users\r.hudson\.m2\repository\org\spark-project\spark\unused\1.0.0\unused-1.0.0.jar;C:\Users\r.hudson\.m2\repository\org\apache\spark\spark-core_2.11\2.3.1\spark-core_2.11-2.3.1.jar;C:\Users\r.hudson\.m2\repository\org\apache\avro\avro\1.7.7\avro-1.7.7.jar;C:\Users\r.hudson\.m2\repository\org\codehaus\jackson\jackson-core-asl\1.9.13\jackson-core-asl-1.9.13.jar;C:\Users\r.hudson\.m2\repository\com\thoughtworks\paranamer\paranamer\2.3\paranamer-2.3.jar;C:\Users\r.hudson\.m2\repository\org\apache\commons\commons-compress\1.4.1\common
Launcher Type: SUN_STANDARD

Environment Variables:
USERNAME=r.hudson
OS=Windows_NT
PROCESSOR_IDENTIFIER=Intel64 Family 6 Model 60 Stepping 3, GenuineIntel



---------------  S Y S T E M  ---------------

OS: Windows 10.0 , 64 bit Build 17134 (10.0.17134.1)

CPU:total 8 (4 cores per cpu, 2 threads per core) family 6 model 60 stepping 3, cmov, cx8, fxsr, mmx, sse, sse2, sse3, ssse3, sse4.1, sse4.2, popcnt, avx, avx2, aes, clmul, erms, lzcnt, ht, tsc, tscinvbit, bmi1, bmi2

Memory: 4k page, physical 16677948k(6983620k free), swap 35552316k(11848668k free)

vm_info: Java HotSpot(TM) 64-Bit Server VM (25.91-b14) for windows-amd64 JRE (1.8.0_91-b14), built on Apr  1 2016 00:58:32 by "java_re" with MS VC++ 10.0 (VS2010)

time: Fri Jul 13 09:12:53 2018
elapsed time: 11 seconds (0d 0h 0m 11s)

